This is XeTeX, Version 3.141592653-2.6-0.999993 (TeX Live 2021/W32TeX) (preloaded format=xelatex 2021.9.12)  24 NOV 2023 00:22
entering extended mode
 restricted \write18 enabled.
 %&-line parsing enabled.
**main.tex
(./main.tex
LaTeX2e <2021-06-01> patch level 1
L3 programming layer <2021-08-27>
(d:/LaTeX/texlive/2021/texmf-dist/tex/latex/ctex/ctexart.cls
(d:/LaTeX/texlive/2021/texmf-dist/tex/latex/ctex/config/ctexbackend.cfg
File: ctexbackend.cfg 2021/06/20 v2.5.7 Backend configuration file (CTEX)
)
(d:/LaTeX/texlive/2021/texmf-dist/tex/latex/l3kernel/expl3.sty
Package: expl3 2021-08-27 L3 programming layer (loader) 

(d:/LaTeX/texlive/2021/texmf-dist/tex/latex/l3backend/l3backend-xetex.def
File: l3backend-xetex.def 2021-08-04 L3 backend support: XeTeX

(|extractbb --version)
\c__kernel_sys_dvipdfmx_version_int=\count178
\l__color_backend_stack_int=\count179
\g__color_backend_stack_int=\count180
\g__graphics_track_int=\count181
\l__pdf_internal_box=\box50
\g__pdf_backend_object_int=\count182
\g__pdf_backend_annotation_int=\count183
\g__pdf_backend_link_int=\count184
))
Document Class: ctexart 2021/06/20 v2.5.7 Chinese adapter for class article (CT
EX)
(d:/LaTeX/texlive/2021/texmf-dist/tex/latex/l3packages/xparse/xparse.sty
Package: xparse 2021-08-27 L3 Experimental document command parser
)
(d:/LaTeX/texlive/2021/texmf-dist/tex/latex/l3packages/l3keys2e/l3keys2e.sty
Package: l3keys2e 2021-08-27 LaTeX2e option processing using LaTeX3 keys
)
(d:/LaTeX/texlive/2021/texmf-dist/tex/latex/ctex/ctexhook.sty
Package: ctexhook 2021/06/20 v2.5.7 Document and package hooks (CTEX)
)
(d:/LaTeX/texlive/2021/texmf-dist/tex/latex/ctex/ctexpatch.sty
Package: ctexpatch 2021/06/20 v2.5.7 Patching commands (CTEX)
)
(d:/LaTeX/texlive/2021/texmf-dist/tex/latex/base/fix-cm.sty
Package: fix-cm 2020/11/24 v1.1t fixes to LaTeX

(d:/LaTeX/texlive/2021/texmf-dist/tex/latex/base/ts1enc.def
File: ts1enc.def 2001/06/05 v3.0e (jk/car/fm) Standard LaTeX file
LaTeX Font Info:    Redeclaring font encoding TS1 on input line 47.
))
\l__ctex_tmp_int=\count185
\l__ctex_tmp_box=\box51
\l__ctex_tmp_dim=\dimen138
\g__ctex_section_depth_int=\count186
\g__ctex_font_size_int=\count187

(d:/LaTeX/texlive/2021/texmf-dist/tex/latex/ctex/config/ctexopts.cfg
File: ctexopts.cfg 2021/06/20 v2.5.7 Option configuration file (CTEX)
)
(d:/LaTeX/texlive/2021/texmf-dist/tex/latex/base/article.cls
Document Class: article 2021/02/12 v1.4n Standard LaTeX document class
(d:/LaTeX/texlive/2021/texmf-dist/tex/latex/base/size10.clo
File: size10.clo 2021/02/12 v1.4n Standard LaTeX file (size option)
)
\c@part=\count188
\c@section=\count189
\c@subsection=\count190
\c@subsubsection=\count191
\c@paragraph=\count192
\c@subparagraph=\count193
\c@figure=\count194
\c@table=\count195
\abovecaptionskip=\skip47
\belowcaptionskip=\skip48
\bibindent=\dimen139
)
(d:/LaTeX/texlive/2021/texmf-dist/tex/latex/ctex/engine/ctex-engine-xetex.def
File: ctex-engine-xetex.def 2021/06/20 v2.5.7 XeLaTeX adapter (CTEX)

(d:/LaTeX/texlive/2021/texmf-dist/tex/xelatex/xecjk/xeCJK.sty
Package: xeCJK 2021/06/20 v3.8.7 Typesetting CJK scripts with XeLaTeX

(d:/LaTeX/texlive/2021/texmf-dist/tex/latex/l3packages/xtemplate/xtemplate.sty
Package: xtemplate 2021-08-27 L3 Experimental prototype document functions
\l__xtemplate_tmp_dim=\dimen140
\l__xtemplate_tmp_int=\count196
\l__xtemplate_tmp_muskip=\muskip16
\l__xtemplate_tmp_skip=\skip49
)
\l__xeCJK_tmp_int=\count197
\l__xeCJK_tmp_box=\box52
\l__xeCJK_tmp_dim=\dimen141
\l__xeCJK_tmp_skip=\skip50
\g__xeCJK_space_factor_int=\count198
\l__xeCJK_begin_int=\count199
\l__xeCJK_end_int=\count266
\c__xeCJK_CJK_class_int=\XeTeXcharclass1
\c__xeCJK_FullLeft_class_int=\XeTeXcharclass2
\c__xeCJK_FullRight_class_int=\XeTeXcharclass3
\c__xeCJK_HalfLeft_class_int=\XeTeXcharclass4
\c__xeCJK_HalfRight_class_int=\XeTeXcharclass5
\c__xeCJK_NormalSpace_class_int=\XeTeXcharclass6
\c__xeCJK_CM_class_int=\XeTeXcharclass7
\c__xeCJK_HangulJamo_class_int=\XeTeXcharclass8
\l__xeCJK_last_skip=\skip51
\g__xeCJK_node_int=\count267
\c__xeCJK_CJK_node_dim=\dimen142
\c__xeCJK_CJK-space_node_dim=\dimen143
\c__xeCJK_default_node_dim=\dimen144
\c__xeCJK_default-space_node_dim=\dimen145
\c__xeCJK_CJK-widow_node_dim=\dimen146
\c__xeCJK_normalspace_node_dim=\dimen147
\l__xeCJK_ccglue_skip=\skip52
\l__xeCJK_ecglue_skip=\skip53
\l__xeCJK_punct_kern_skip=\skip54
\l__xeCJK_last_penalty_int=\count268
\l__xeCJK_last_bound_dim=\dimen148
\l__xeCJK_last_kern_dim=\dimen149
\l__xeCJK_widow_penalty_int=\count269

Package xtemplate Info: Declaring object type 'xeCJK/punctuation' taking 0
(xtemplate)             argument(s) on line 2335.

\l__xeCJK_fixed_punct_width_dim=\dimen150
\l__xeCJK_mixed_punct_width_dim=\dimen151
\l__xeCJK_middle_punct_width_dim=\dimen152
\l__xeCJK_fixed_margin_width_dim=\dimen153
\l__xeCJK_mixed_margin_width_dim=\dimen154
\l__xeCJK_middle_margin_width_dim=\dimen155
\l__xeCJK_bound_punct_width_dim=\dimen156
\l__xeCJK_bound_margin_width_dim=\dimen157
\l__xeCJK_margin_minimum_dim=\dimen158
\l__xeCJK_kerning_total_width_dim=\dimen159
\l__xeCJK_same_align_margin_dim=\dimen160
\l__xeCJK_different_align_margin_dim=\dimen161
\l__xeCJK_kerning_margin_width_dim=\dimen162
\l__xeCJK_kerning_margin_minimum_dim=\dimen163
\l__xeCJK_bound_dim=\dimen164
\l__xeCJK_reverse_bound_dim=\dimen165
\l__xeCJK_margin_dim=\dimen166
\l__xeCJK_minimum_bound_dim=\dimen167
\l__xeCJK_kerning_margin_dim=\dimen168
\g__xeCJK_family_int=\count270
\l__xeCJK_fam_int=\count271
\g__xeCJK_fam_allocation_int=\count272
\l__xeCJK_verb_case_int=\count273
\l__xeCJK_verb_exspace_skip=\skip55
(d:/LaTeX/texlive/2021/texmf-dist/tex/latex/fontspec/fontspec.sty
Package: fontspec 2020/02/21 v2.7i Font selection for XeLaTeX and LuaLaTeX

(d:/LaTeX/texlive/2021/texmf-dist/tex/latex/fontspec/fontspec-xetex.sty
Package: fontspec-xetex 2020/02/21 v2.7i Font selection for XeLaTeX and LuaLaTe
X
\l__fontspec_script_int=\count274
\l__fontspec_language_int=\count275
\l__fontspec_strnum_int=\count276
\l__fontspec_tmp_int=\count277
\l__fontspec_tmpa_int=\count278
\l__fontspec_tmpb_int=\count279
\l__fontspec_tmpc_int=\count280
\l__fontspec_em_int=\count281
\l__fontspec_emdef_int=\count282
\l__fontspec_strong_int=\count283
\l__fontspec_strongdef_int=\count284
\l__fontspec_tmpa_dim=\dimen169
\l__fontspec_tmpb_dim=\dimen170
\l__fontspec_tmpc_dim=\dimen171

(d:/LaTeX/texlive/2021/texmf-dist/tex/latex/base/fontenc.sty
Package: fontenc 2021/04/29 v2.0v Standard LaTeX package
)
(d:/LaTeX/texlive/2021/texmf-dist/tex/latex/fontspec/fontspec.cfg)))
(d:/LaTeX/texlive/2021/texmf-dist/tex/xelatex/xecjk/xeCJK.cfg
File: xeCJK.cfg 2021/06/20 v3.8.7 Configuration file for xeCJK package
))
\ccwd=\dimen172
\l__ctex_ccglue_skip=\skip56
)
\l__ctex_ziju_dim=\dimen173

(d:/LaTeX/texlive/2021/texmf-dist/tex/latex/zhnumber/zhnumber.sty
Package: zhnumber 2020/05/01 v2.8 Typesetting numbers with Chinese glyphs
\l__zhnum_scale_int=\count285

(d:/LaTeX/texlive/2021/texmf-dist/tex/latex/zhnumber/zhnumber-utf8.cfg
File: zhnumber-utf8.cfg 2020/05/01 v2.8 Chinese numerals with UTF8 encoding
))
\l__ctex_heading_skip=\skip57

(d:/LaTeX/texlive/2021/texmf-dist/tex/latex/ctex/scheme/ctex-scheme-chinese-art
icle.def
File: ctex-scheme-chinese-article.def 2021/06/20 v2.5.7 Chinese scheme for arti
cle (CTEX)

(d:/LaTeX/texlive/2021/texmf-dist/tex/latex/ctex/config/ctex-name-utf8.cfg
File: ctex-name-utf8.cfg 2021/06/20 v2.5.7 Caption with encoding UTF-8 (CTEX)
))
(d:/LaTeX/texlive/2021/texmf-dist/tex/latex/ctex/fontset/ctex-fontset-windows.d
ef
File: ctex-fontset-windows.def 2021/06/20 v2.5.7 Windows fonts definition (CTEX
)

Package fontspec Info: Could not resolve font "KaiTi/B" (it probably doesn't
(fontspec)             exist).


Package fontspec Info: Could not resolve font "SimHei/I" (it probably doesn't
(fontspec)             exist).


Package fontspec Info: Could not resolve font "SimSun/BI" (it probably doesn't
(fontspec)             exist).


Package fontspec Info: Font family 'SimSun(0)' created for font 'SimSun' with
(fontspec)             options
(fontspec)             [Script={CJK},BoldFont={SimHei},ItalicFont={KaiTi}].
(fontspec)              
(fontspec)              This font family consists of the following NFSS
(fontspec)             series/shapes:
(fontspec)              
(fontspec)             - 'normal' (m/n) with NFSS spec.:
(fontspec)             <->"SimSun/OT:script=hani;language=dflt;"
(fontspec)             - 'small caps'  (m/sc) with NFSS spec.: 
(fontspec)             - 'bold' (b/n) with NFSS spec.:
(fontspec)             <->"SimHei/OT:script=hani;language=dflt;"
(fontspec)             - 'bold small caps'  (b/sc) with NFSS spec.: 
(fontspec)             - 'italic' (m/it) with NFSS spec.:
(fontspec)             <->"KaiTi/OT:script=hani;language=dflt;"
(fontspec)             - 'italic small caps'  (m/scit) with NFSS spec.: 

)) (d:/LaTeX/texlive/2021/texmf-dist/tex/latex/ctex/config/ctex.cfg
File: ctex.cfg 2021/06/20 v2.5.7 Configuration file (CTEX)
)
(./NotesTeXV3.sty
Package: NotesTeXV3 2021/10/22 rV3
 (d:/LaTeX/texlive/2021/texmf-dist/tex/latex/natbib/natbib.sty
Package: natbib 2010/09/13 8.31b (PWD, AO)
\bibhang=\skip58
\bibsep=\skip59
LaTeX Info: Redefining \cite on input line 694.
\c@NAT@ctr=\count286
) (d:/LaTeX/texlive/2021/texmf-dist/tex/latex/graphics/color.sty
Package: color 2020/02/24 v1.2b Standard LaTeX Color (DPC)

(d:/LaTeX/texlive/2021/texmf-dist/tex/latex/graphics-cfg/color.cfg
File: color.cfg 2016/01/02 v1.6 sample color configuration
)
Package color Info: Driver file: xetex.def on input line 149.

(d:/LaTeX/texlive/2021/texmf-dist/tex/latex/graphics-def/xetex.def
File: xetex.def 2021/03/18 v5.0k Graphics/color driver for xetex
))
(d:/LaTeX/texlive/2021/texmf-dist/tex/latex/hyperref/hyperref.sty
Package: hyperref 2021-06-07 v7.00m Hypertext links for LaTeX

(d:/LaTeX/texlive/2021/texmf-dist/tex/generic/ltxcmds/ltxcmds.sty
Package: ltxcmds 2020-05-10 v1.25 LaTeX kernel commands for general use (HO)
)
(d:/LaTeX/texlive/2021/texmf-dist/tex/generic/iftex/iftex.sty
Package: iftex 2020/03/06 v1.0d TeX engine tests
)
(d:/LaTeX/texlive/2021/texmf-dist/tex/generic/pdftexcmds/pdftexcmds.sty
Package: pdftexcmds 2020-06-27 v0.33 Utility functions of pdfTeX for LuaTeX (HO
)

(d:/LaTeX/texlive/2021/texmf-dist/tex/generic/infwarerr/infwarerr.sty
Package: infwarerr 2019/12/03 v1.5 Providing info/warning/error messages (HO)
)
Package pdftexcmds Info: \pdf@primitive is available.
Package pdftexcmds Info: \pdf@ifprimitive is available.
Package pdftexcmds Info: \pdfdraftmode not found.
)
(d:/LaTeX/texlive/2021/texmf-dist/tex/latex/graphics/keyval.sty
Package: keyval 2014/10/28 v1.15 key=value parser (DPC)
\KV@toks@=\toks16
)
(d:/LaTeX/texlive/2021/texmf-dist/tex/generic/kvsetkeys/kvsetkeys.sty
Package: kvsetkeys 2019/12/15 v1.18 Key value parser (HO)
)
(d:/LaTeX/texlive/2021/texmf-dist/tex/generic/kvdefinekeys/kvdefinekeys.sty
Package: kvdefinekeys 2019-12-19 v1.6 Define keys (HO)
)
(d:/LaTeX/texlive/2021/texmf-dist/tex/generic/pdfescape/pdfescape.sty
Package: pdfescape 2019/12/09 v1.15 Implements pdfTeX's escape features (HO)
)
(d:/LaTeX/texlive/2021/texmf-dist/tex/latex/hycolor/hycolor.sty
Package: hycolor 2020-01-27 v1.10 Color options for hyperref/bookmark (HO)
)
(d:/LaTeX/texlive/2021/texmf-dist/tex/latex/letltxmacro/letltxmacro.sty
Package: letltxmacro 2019/12/03 v1.6 Let assignment for LaTeX macros (HO)
)
(d:/LaTeX/texlive/2021/texmf-dist/tex/latex/auxhook/auxhook.sty
Package: auxhook 2019-12-17 v1.6 Hooks for auxiliary files (HO)
)
(d:/LaTeX/texlive/2021/texmf-dist/tex/latex/kvoptions/kvoptions.sty
Package: kvoptions 2020-10-07 v3.14 Key value format for package options (HO)
)
\@linkdim=\dimen174
\Hy@linkcounter=\count287
\Hy@pagecounter=\count288

(d:/LaTeX/texlive/2021/texmf-dist/tex/latex/hyperref/pd1enc.def
File: pd1enc.def 2021-06-07 v7.00m Hyperref: PDFDocEncoding definition (HO)
)
(d:/LaTeX/texlive/2021/texmf-dist/tex/latex/hyperref/hyperref-langpatches.def
File: hyperref-langpatches.def 2021-06-07 v7.00m Hyperref: patches for babel la
nguages
)
(d:/LaTeX/texlive/2021/texmf-dist/tex/generic/intcalc/intcalc.sty
Package: intcalc 2019/12/15 v1.3 Expandable calculations with integers (HO)
)
(d:/LaTeX/texlive/2021/texmf-dist/tex/generic/etexcmds/etexcmds.sty
Package: etexcmds 2019/12/15 v1.7 Avoid name clashes with e-TeX commands (HO)
)
\Hy@SavedSpaceFactor=\count289

(d:/LaTeX/texlive/2021/texmf-dist/tex/latex/hyperref/puenc.def
File: puenc.def 2021-06-07 v7.00m Hyperref: PDF Unicode definition (HO)
)
Package hyperref Info: Option `unicode' set `true' on input line 4073.
Package hyperref Info: Option `colorlinks' set `true' on input line 4073.
Package hyperref Info: Option `linktocpage' set `true' on input line 4073.
Package hyperref Info: Option `pdfa' set `true' on input line 4073.
Package hyperref Info: Option `pdfusetitle' set `true' on input line 4073.
Package hyperref Info: Hyper figures OFF on input line 4192.
Package hyperref Info: Link nesting OFF on input line 4197.
Package hyperref Info: Hyper index ON on input line 4200.
Package hyperref Info: Plain pages OFF on input line 4207.
Package hyperref Info: Backreferencing OFF on input line 4212.
Package hyperref Info: Implicit mode ON; LaTeX internals redefined.
Package hyperref Info: Bookmarks ON on input line 4445.
\c@Hy@tempcnt=\count290

(d:/LaTeX/texlive/2021/texmf-dist/tex/latex/url/url.sty
\Urlmuskip=\muskip17
Package: url 2013/09/16  ver 3.4  Verb mode for urls, etc.
)
LaTeX Info: Redefining \url on input line 4804.
\XeTeXLinkMargin=\dimen175

(d:/LaTeX/texlive/2021/texmf-dist/tex/generic/bitset/bitset.sty
Package: bitset 2019/12/09 v1.3 Handle bit-vector datatype (HO)

(d:/LaTeX/texlive/2021/texmf-dist/tex/generic/bigintcalc/bigintcalc.sty
Package: bigintcalc 2019/12/15 v1.5 Expandable calculations on big integers (HO
)
))
\Fld@menulength=\count291
\Field@Width=\dimen176
\Fld@charsize=\dimen177
Package hyperref Info: Hyper figures OFF on input line 6076.
Package hyperref Info: Link nesting OFF on input line 6081.
Package hyperref Info: Hyper index ON on input line 6084.
Package hyperref Info: backreferencing OFF on input line 6091.
Package hyperref Info: Link coloring ON on input line 6094.
Package hyperref Info: Link coloring with OCG OFF on input line 6101.
Package hyperref Info: PDF/A mode ON on input line 6104.
LaTeX Info: Redefining \ref on input line 6146.
LaTeX Info: Redefining \pageref on input line 6150.

(d:/LaTeX/texlive/2021/texmf-dist/tex/latex/base/atbegshi-ltx.sty
Package: atbegshi-ltx 2021/01/10 v1.0c Emulation of the original atbegshi
package with kernel methods
)
\Hy@abspage=\count292
\c@Item=\count293
\c@Hfootnote=\count294
)
Package hyperref Info: Driver (autodetected): hxetex.

(d:/LaTeX/texlive/2021/texmf-dist/tex/latex/hyperref/hxetex.def
File: hxetex.def 2021-06-07 v7.00m Hyperref driver for XeTeX

(d:/LaTeX/texlive/2021/texmf-dist/tex/generic/stringenc/stringenc.sty
Package: stringenc 2019/11/29 v1.12 Convert strings between diff. encodings (HO
)
)
\pdfm@box=\box53
\c@Hy@AnnotLevel=\count295
\HyField@AnnotCount=\count296
\Fld@listcount=\count297
\c@bookmark@seq@number=\count298

(d:/LaTeX/texlive/2021/texmf-dist/tex/latex/rerunfilecheck/rerunfilecheck.sty
Package: rerunfilecheck 2019/12/05 v1.9 Rerun checks for auxiliary files (HO)

(d:/LaTeX/texlive/2021/texmf-dist/tex/latex/base/atveryend-ltx.sty
Package: atveryend-ltx 2020/08/19 v1.0a Emulation of the original atvery packag
e
with kernel methods
)
(d:/LaTeX/texlive/2021/texmf-dist/tex/generic/uniquecounter/uniquecounter.sty
Package: uniquecounter 2019/12/15 v1.4 Provide unlimited unique counter (HO)
)
Package uniquecounter Info: New unique counter `rerunfilecheck' on input line 2
86.
)
\Hy@SectionHShift=\skip60
) (d:/LaTeX/texlive/2021/texmf-dist/tex/latex/marginnote/marginnote.sty
Package: marginnote 2018/08/09 v1.4b non floating margin notes for LaTeX
\c@mn@abspage=\count299
)
(d:/LaTeX/texlive/2021/texmf-dist/tex/latex/sidenotes/sidenotes.sty
Package: sidenotes 2016/04/21 v1.00 rich text in the margin for LaTeX

(d:/LaTeX/texlive/2021/texmf-dist/tex/latex/caption/caption.sty
Package: caption 2020/10/26 v3.5g Customizing captions (AR)

(d:/LaTeX/texlive/2021/texmf-dist/tex/latex/caption/caption3.sty
Package: caption3 2020/10/21 v2.2e caption3 kernel (AR)
\captionmargin=\dimen178
\captionmargin@=\dimen179
\captionwidth=\dimen180
\caption@tempdima=\dimen181
\caption@indent=\dimen182
\caption@parindent=\dimen183
\caption@hangindent=\dimen184
Package caption Info: Standard document class detected.
)
\c@caption@flags=\count300
\c@continuedfloat=\count301
Package caption Info: hyperref package is loaded.
)
(d:/LaTeX/texlive/2021/texmf-dist/tex/latex/changepage/changepage.sty
Package: changepage 2009/10/20 v1.0c check page and change page layout
\c@cp@cntr=\count302
\cp@tempcnt=\count303
)
\c@sidenote=\count304
\@sidenotes@marginfigurebox=\box54
\@sidenotes@margintablebox=\box55
)
(d:/LaTeX/texlive/2021/texmf-dist/tex/latex/fancyhdr/fancyhdr.sty
Package: fancyhdr 2021/01/28 v4.0.1 Extensive control of page headers and foote
rs
\f@nch@headwidth=\skip61
\f@nch@O@elh=\skip62
\f@nch@O@erh=\skip63
\f@nch@O@olh=\skip64
\f@nch@O@orh=\skip65
\f@nch@O@elf=\skip66
\f@nch@O@erf=\skip67
\f@nch@O@olf=\skip68
\f@nch@O@orf=\skip69
)
(d:/LaTeX/texlive/2021/texmf-dist/tex/latex/geometry/geometry.sty
Package: geometry 2020/01/02 v5.9 Page Geometry

(d:/LaTeX/texlive/2021/texmf-dist/tex/generic/iftex/ifvtex.sty
Package: ifvtex 2019/10/25 v1.7 ifvtex legacy package. Use iftex instead.
)
\Gm@cnth=\count305
\Gm@cntv=\count306
\c@Gm@tempcnt=\count307
\Gm@bindingoffset=\dimen185
\Gm@wd@mp=\dimen186
\Gm@odd@mp=\dimen187
\Gm@even@mp=\dimen188
\Gm@layoutwidth=\dimen189
\Gm@layoutheight=\dimen190
\Gm@layouthoffset=\dimen191
\Gm@layoutvoffset=\dimen192
\Gm@dimlist=\toks17
)
(d:/LaTeX/texlive/2021/texmf-dist/tex/latex/xcolor/xcolor.sty
Package: xcolor 2016/05/11 v2.12 LaTeX color extensions (UK)

(d:/LaTeX/texlive/2021/texmf-dist/tex/latex/graphics-cfg/color.cfg
File: color.cfg 2016/01/02 v1.6 sample color configuration
)
Package xcolor Info: Package option `usenames' ignored on input line 216.
Package xcolor Info: Driver file: xetex.def on input line 225.
LaTeX Info: Redefining \color on input line 709.
Package xcolor Info: Model `cmy' substituted by `cmy0' on input line 1348.
Package xcolor Info: Model `RGB' extended on input line 1364.
Package xcolor Info: Model `HTML' substituted by `rgb' on input line 1366.
Package xcolor Info: Model `Hsb' substituted by `hsb' on input line 1367.
Package xcolor Info: Model `tHsb' substituted by `hsb' on input line 1368.
Package xcolor Info: Model `HSB' substituted by `hsb' on input line 1369.
Package xcolor Info: Model `Gray' substituted by `gray' on input line 1370.
Package xcolor Info: Model `wave' substituted by `hsb' on input line 1371.

(d:/LaTeX/texlive/2021/texmf-dist/tex/latex/graphics/dvipsnam.def
File: dvipsnam.def 2016/06/17 v3.0m Driver-dependent file (DPC,SPQR)
))
(d:/LaTeX/texlive/2021/texmf-dist/tex/latex/tcolorbox/tcolorbox.sty
Package: tcolorbox 2021/06/14 version 4.51 text color boxes

(d:/LaTeX/texlive/2021/texmf-dist/tex/latex/pgf/basiclayer/pgf.sty
(d:/LaTeX/texlive/2021/texmf-dist/tex/latex/pgf/utilities/pgfrcs.sty
(d:/LaTeX/texlive/2021/texmf-dist/tex/generic/pgf/utilities/pgfutil-common.tex
\pgfutil@everybye=\toks18
\pgfutil@tempdima=\dimen193
\pgfutil@tempdimb=\dimen194

(d:/LaTeX/texlive/2021/texmf-dist/tex/generic/pgf/utilities/pgfutil-common-list
s.tex))
(d:/LaTeX/texlive/2021/texmf-dist/tex/generic/pgf/utilities/pgfutil-latex.def
\pgfutil@abb=\box56
)
(d:/LaTeX/texlive/2021/texmf-dist/tex/generic/pgf/utilities/pgfrcs.code.tex
(d:/LaTeX/texlive/2021/texmf-dist/tex/generic/pgf/pgf.revision.tex)
Package: pgfrcs 2021/05/15 v3.1.9a (3.1.9a)
))
Package: pgf 2021/05/15 v3.1.9a (3.1.9a)

(d:/LaTeX/texlive/2021/texmf-dist/tex/latex/pgf/basiclayer/pgfcore.sty
(d:/LaTeX/texlive/2021/texmf-dist/tex/latex/graphics/graphicx.sty
Package: graphicx 2020/12/05 v1.2c Enhanced LaTeX Graphics (DPC,SPQR)

(d:/LaTeX/texlive/2021/texmf-dist/tex/latex/graphics/graphics.sty
Package: graphics 2021/03/04 v1.4d Standard LaTeX Graphics (DPC,SPQR)

(d:/LaTeX/texlive/2021/texmf-dist/tex/latex/graphics/trig.sty
Package: trig 2016/01/03 v1.10 sin cos tan (DPC)
)
(d:/LaTeX/texlive/2021/texmf-dist/tex/latex/graphics-cfg/graphics.cfg
File: graphics.cfg 2016/06/04 v1.11 sample graphics configuration
)
Package graphics Info: Driver file: xetex.def on input line 107.
)
\Gin@req@height=\dimen195
\Gin@req@width=\dimen196
)
(d:/LaTeX/texlive/2021/texmf-dist/tex/latex/pgf/systemlayer/pgfsys.sty
(d:/LaTeX/texlive/2021/texmf-dist/tex/generic/pgf/systemlayer/pgfsys.code.tex
Package: pgfsys 2021/05/15 v3.1.9a (3.1.9a)

(d:/LaTeX/texlive/2021/texmf-dist/tex/generic/pgf/utilities/pgfkeys.code.tex
\pgfkeys@pathtoks=\toks19
\pgfkeys@temptoks=\toks20

(d:/LaTeX/texlive/2021/texmf-dist/tex/generic/pgf/utilities/pgfkeysfiltered.cod
e.tex
\pgfkeys@tmptoks=\toks21
))
\pgf@x=\dimen197
\pgf@y=\dimen198
\pgf@xa=\dimen199
\pgf@ya=\dimen256
\pgf@xb=\dimen257
\pgf@yb=\dimen258
\pgf@xc=\dimen259
\pgf@yc=\dimen260
\pgf@xd=\dimen261
\pgf@yd=\dimen262
\w@pgf@writea=\write3
\r@pgf@reada=\read2
\c@pgf@counta=\count308
\c@pgf@countb=\count309
\c@pgf@countc=\count310
\c@pgf@countd=\count311
\t@pgf@toka=\toks22
\t@pgf@tokb=\toks23
\t@pgf@tokc=\toks24
\pgf@sys@id@count=\count312
 (d:/LaTeX/texlive/2021/texmf-dist/tex/generic/pgf/systemlayer/pgf.cfg
File: pgf.cfg 2021/05/15 v3.1.9a (3.1.9a)
)
Driver file for pgf: pgfsys-xetex.def

(d:/LaTeX/texlive/2021/texmf-dist/tex/generic/pgf/systemlayer/pgfsys-xetex.def
File: pgfsys-xetex.def 2021/05/15 v3.1.9a (3.1.9a)

(d:/LaTeX/texlive/2021/texmf-dist/tex/generic/pgf/systemlayer/pgfsys-dvipdfmx.d
ef
File: pgfsys-dvipdfmx.def 2021/05/15 v3.1.9a (3.1.9a)

(d:/LaTeX/texlive/2021/texmf-dist/tex/generic/pgf/systemlayer/pgfsys-common-pdf
.def
File: pgfsys-common-pdf.def 2021/05/15 v3.1.9a (3.1.9a)
)
\pgfsys@objnum=\count313
)))
(d:/LaTeX/texlive/2021/texmf-dist/tex/generic/pgf/systemlayer/pgfsyssoftpath.co
de.tex
File: pgfsyssoftpath.code.tex 2021/05/15 v3.1.9a (3.1.9a)
\pgfsyssoftpath@smallbuffer@items=\count314
\pgfsyssoftpath@bigbuffer@items=\count315
)
(d:/LaTeX/texlive/2021/texmf-dist/tex/generic/pgf/systemlayer/pgfsysprotocol.co
de.tex
File: pgfsysprotocol.code.tex 2021/05/15 v3.1.9a (3.1.9a)
))
(d:/LaTeX/texlive/2021/texmf-dist/tex/generic/pgf/basiclayer/pgfcore.code.tex
Package: pgfcore 2021/05/15 v3.1.9a (3.1.9a)

(d:/LaTeX/texlive/2021/texmf-dist/tex/generic/pgf/math/pgfmath.code.tex
(d:/LaTeX/texlive/2021/texmf-dist/tex/generic/pgf/math/pgfmathcalc.code.tex
(d:/LaTeX/texlive/2021/texmf-dist/tex/generic/pgf/math/pgfmathutil.code.tex)
(d:/LaTeX/texlive/2021/texmf-dist/tex/generic/pgf/math/pgfmathparser.code.tex
\pgfmath@dimen=\dimen263
\pgfmath@count=\count316
\pgfmath@box=\box57
\pgfmath@toks=\toks25
\pgfmath@stack@operand=\toks26
\pgfmath@stack@operation=\toks27
)
(d:/LaTeX/texlive/2021/texmf-dist/tex/generic/pgf/math/pgfmathfunctions.code.te
x
(d:/LaTeX/texlive/2021/texmf-dist/tex/generic/pgf/math/pgfmathfunctions.basic.c
ode.tex)
(d:/LaTeX/texlive/2021/texmf-dist/tex/generic/pgf/math/pgfmathfunctions.trigono
metric.code.tex)
(d:/LaTeX/texlive/2021/texmf-dist/tex/generic/pgf/math/pgfmathfunctions.random.
code.tex)
(d:/LaTeX/texlive/2021/texmf-dist/tex/generic/pgf/math/pgfmathfunctions.compari
son.code.tex)
(d:/LaTeX/texlive/2021/texmf-dist/tex/generic/pgf/math/pgfmathfunctions.base.co
de.tex)
(d:/LaTeX/texlive/2021/texmf-dist/tex/generic/pgf/math/pgfmathfunctions.round.c
ode.tex)
(d:/LaTeX/texlive/2021/texmf-dist/tex/generic/pgf/math/pgfmathfunctions.misc.co
de.tex)
(d:/LaTeX/texlive/2021/texmf-dist/tex/generic/pgf/math/pgfmathfunctions.integer
arithmetics.code.tex)))
(d:/LaTeX/texlive/2021/texmf-dist/tex/generic/pgf/math/pgfmathfloat.code.tex
\c@pgfmathroundto@lastzeros=\count317
))
(d:/LaTeX/texlive/2021/texmf-dist/tex/generic/pgf/math/pgfint.code.tex)
(d:/LaTeX/texlive/2021/texmf-dist/tex/generic/pgf/basiclayer/pgfcorepoints.code
.tex
File: pgfcorepoints.code.tex 2021/05/15 v3.1.9a (3.1.9a)
\pgf@picminx=\dimen264
\pgf@picmaxx=\dimen265
\pgf@picminy=\dimen266
\pgf@picmaxy=\dimen267
\pgf@pathminx=\dimen268
\pgf@pathmaxx=\dimen269
\pgf@pathminy=\dimen270
\pgf@pathmaxy=\dimen271
\pgf@xx=\dimen272
\pgf@xy=\dimen273
\pgf@yx=\dimen274
\pgf@yy=\dimen275
\pgf@zx=\dimen276
\pgf@zy=\dimen277
)
(d:/LaTeX/texlive/2021/texmf-dist/tex/generic/pgf/basiclayer/pgfcorepathconstru
ct.code.tex
File: pgfcorepathconstruct.code.tex 2021/05/15 v3.1.9a (3.1.9a)
\pgf@path@lastx=\dimen278
\pgf@path@lasty=\dimen279
)
(d:/LaTeX/texlive/2021/texmf-dist/tex/generic/pgf/basiclayer/pgfcorepathusage.c
ode.tex
File: pgfcorepathusage.code.tex 2021/05/15 v3.1.9a (3.1.9a)
\pgf@shorten@end@additional=\dimen280
\pgf@shorten@start@additional=\dimen281
)
(d:/LaTeX/texlive/2021/texmf-dist/tex/generic/pgf/basiclayer/pgfcorescopes.code
.tex
File: pgfcorescopes.code.tex 2021/05/15 v3.1.9a (3.1.9a)
\pgfpic=\box58
\pgf@hbox=\box59
\pgf@layerbox@main=\box60
\pgf@picture@serial@count=\count318
)
(d:/LaTeX/texlive/2021/texmf-dist/tex/generic/pgf/basiclayer/pgfcoregraphicstat
e.code.tex
File: pgfcoregraphicstate.code.tex 2021/05/15 v3.1.9a (3.1.9a)
\pgflinewidth=\dimen282
)
(d:/LaTeX/texlive/2021/texmf-dist/tex/generic/pgf/basiclayer/pgfcoretransformat
ions.code.tex
File: pgfcoretransformations.code.tex 2021/05/15 v3.1.9a (3.1.9a)
\pgf@pt@x=\dimen283
\pgf@pt@y=\dimen284
\pgf@pt@temp=\dimen285
)
(d:/LaTeX/texlive/2021/texmf-dist/tex/generic/pgf/basiclayer/pgfcorequick.code.
tex
File: pgfcorequick.code.tex 2021/05/15 v3.1.9a (3.1.9a)
)
(d:/LaTeX/texlive/2021/texmf-dist/tex/generic/pgf/basiclayer/pgfcoreobjects.cod
e.tex
File: pgfcoreobjects.code.tex 2021/05/15 v3.1.9a (3.1.9a)
)
(d:/LaTeX/texlive/2021/texmf-dist/tex/generic/pgf/basiclayer/pgfcorepathprocess
ing.code.tex
File: pgfcorepathprocessing.code.tex 2021/05/15 v3.1.9a (3.1.9a)
)
(d:/LaTeX/texlive/2021/texmf-dist/tex/generic/pgf/basiclayer/pgfcorearrows.code
.tex
File: pgfcorearrows.code.tex 2021/05/15 v3.1.9a (3.1.9a)
\pgfarrowsep=\dimen286
)
(d:/LaTeX/texlive/2021/texmf-dist/tex/generic/pgf/basiclayer/pgfcoreshade.code.
tex
File: pgfcoreshade.code.tex 2021/05/15 v3.1.9a (3.1.9a)
\pgf@max=\dimen287
\pgf@sys@shading@range@num=\count319
\pgf@shadingcount=\count320
)
(d:/LaTeX/texlive/2021/texmf-dist/tex/generic/pgf/basiclayer/pgfcoreimage.code.
tex
File: pgfcoreimage.code.tex 2021/05/15 v3.1.9a (3.1.9a)

(d:/LaTeX/texlive/2021/texmf-dist/tex/generic/pgf/basiclayer/pgfcoreexternal.co
de.tex
File: pgfcoreexternal.code.tex 2021/05/15 v3.1.9a (3.1.9a)
\pgfexternal@startupbox=\box61
))
(d:/LaTeX/texlive/2021/texmf-dist/tex/generic/pgf/basiclayer/pgfcorelayers.code
.tex
File: pgfcorelayers.code.tex 2021/05/15 v3.1.9a (3.1.9a)
)
(d:/LaTeX/texlive/2021/texmf-dist/tex/generic/pgf/basiclayer/pgfcoretransparenc
y.code.tex
File: pgfcoretransparency.code.tex 2021/05/15 v3.1.9a (3.1.9a)
)
(d:/LaTeX/texlive/2021/texmf-dist/tex/generic/pgf/basiclayer/pgfcorepatterns.co
de.tex
File: pgfcorepatterns.code.tex 2021/05/15 v3.1.9a (3.1.9a)
)
(d:/LaTeX/texlive/2021/texmf-dist/tex/generic/pgf/basiclayer/pgfcorerdf.code.te
x
File: pgfcorerdf.code.tex 2021/05/15 v3.1.9a (3.1.9a)
)))
(d:/LaTeX/texlive/2021/texmf-dist/tex/generic/pgf/modules/pgfmoduleshapes.code.
tex
File: pgfmoduleshapes.code.tex 2021/05/15 v3.1.9a (3.1.9a)
\pgfnodeparttextbox=\box62
)
(d:/LaTeX/texlive/2021/texmf-dist/tex/generic/pgf/modules/pgfmoduleplot.code.te
x
File: pgfmoduleplot.code.tex 2021/05/15 v3.1.9a (3.1.9a)
)
(d:/LaTeX/texlive/2021/texmf-dist/tex/latex/pgf/compatibility/pgfcomp-version-0
-65.sty
Package: pgfcomp-version-0-65 2021/05/15 v3.1.9a (3.1.9a)
\pgf@nodesepstart=\dimen288
\pgf@nodesepend=\dimen289
)
(d:/LaTeX/texlive/2021/texmf-dist/tex/latex/pgf/compatibility/pgfcomp-version-1
-18.sty
Package: pgfcomp-version-1-18 2021/05/15 v3.1.9a (3.1.9a)
)) (d:/LaTeX/texlive/2021/texmf-dist/tex/latex/tools/verbatim.sty
Package: verbatim 2020-07-07 v1.5u LaTeX2e package for verbatim enhancements
\every@verbatim=\toks28
\verbatim@line=\toks29
\verbatim@in@stream=\read3
)
(d:/LaTeX/texlive/2021/texmf-dist/tex/latex/environ/environ.sty
Package: environ 2014/05/04 v0.3 A new way to define environments

(d:/LaTeX/texlive/2021/texmf-dist/tex/latex/trimspaces/trimspaces.sty
Package: trimspaces 2009/09/17 v1.1 Trim spaces around a token list
)
\@envbody=\toks30
)
(d:/LaTeX/texlive/2021/texmf-dist/tex/latex/etoolbox/etoolbox.sty
Package: etoolbox 2020/10/05 v2.5k e-TeX tools for LaTeX (JAW)
\etb@tempcnta=\count321
)
\tcb@titlebox=\box63
\tcb@upperbox=\box64
\tcb@lowerbox=\box65
\tcb@phantombox=\box66
\c@tcbbreakpart=\count322
\c@tcblayer=\count323
\c@tcolorbox@number=\count324
\tcb@temp=\box67
\tcb@temp=\box68
\tcb@temp=\box69
\tcb@temp=\box70

(d:/LaTeX/texlive/2021/texmf-dist/tex/latex/tcolorbox/tcbraster.code.tex
Library (tcolorbox): 'tcbraster.code.tex' version '4.51'
\c@tcbrastercolumn=\count325
\c@tcbrasterrow=\count326
\c@tcbrasternum=\count327
\c@tcbraster=\count328
) (d:/LaTeX/texlive/2021/texmf-dist/tex/latex/tcolorbox/tcbskins.code.tex
Library (tcolorbox): 'tcbskins.code.tex' version '4.51'
(d:/LaTeX/texlive/2021/texmf-dist/tex/latex/pgf/frontendlayer/tikz.sty
(d:/LaTeX/texlive/2021/texmf-dist/tex/latex/pgf/utilities/pgffor.sty
(d:/LaTeX/texlive/2021/texmf-dist/tex/latex/pgf/utilities/pgfkeys.sty
(d:/LaTeX/texlive/2021/texmf-dist/tex/generic/pgf/utilities/pgfkeys.code.tex))
(d:/LaTeX/texlive/2021/texmf-dist/tex/latex/pgf/math/pgfmath.sty
(d:/LaTeX/texlive/2021/texmf-dist/tex/generic/pgf/math/pgfmath.code.tex))
(d:/LaTeX/texlive/2021/texmf-dist/tex/generic/pgf/utilities/pgffor.code.tex
Package: pgffor 2021/05/15 v3.1.9a (3.1.9a)

(d:/LaTeX/texlive/2021/texmf-dist/tex/generic/pgf/math/pgfmath.code.tex)
\pgffor@iter=\dimen290
\pgffor@skip=\dimen291
\pgffor@stack=\toks31
\pgffor@toks=\toks32
))
(d:/LaTeX/texlive/2021/texmf-dist/tex/generic/pgf/frontendlayer/tikz/tikz.code.
tex
Package: tikz 2021/05/15 v3.1.9a (3.1.9a)

(d:/LaTeX/texlive/2021/texmf-dist/tex/generic/pgf/libraries/pgflibraryplothandl
ers.code.tex
File: pgflibraryplothandlers.code.tex 2021/05/15 v3.1.9a (3.1.9a)
\pgf@plot@mark@count=\count329
\pgfplotmarksize=\dimen292
)
\tikz@lastx=\dimen293
\tikz@lasty=\dimen294
\tikz@lastxsaved=\dimen295
\tikz@lastysaved=\dimen296
\tikz@lastmovetox=\dimen297
\tikz@lastmovetoy=\dimen298
\tikzleveldistance=\dimen299
\tikzsiblingdistance=\dimen300
\tikz@figbox=\box71
\tikz@figbox@bg=\box72
\tikz@tempbox=\box73
\tikz@tempbox@bg=\box74
\tikztreelevel=\count330
\tikznumberofchildren=\count331
\tikznumberofcurrentchild=\count332
\tikz@fig@count=\count333

(d:/LaTeX/texlive/2021/texmf-dist/tex/generic/pgf/modules/pgfmodulematrix.code.
tex
File: pgfmodulematrix.code.tex 2021/05/15 v3.1.9a (3.1.9a)
\pgfmatrixcurrentrow=\count334
\pgfmatrixcurrentcolumn=\count335
\pgf@matrix@numberofcolumns=\count336
)
\tikz@expandcount=\count337

(d:/LaTeX/texlive/2021/texmf-dist/tex/generic/pgf/frontendlayer/tikz/libraries/
tikzlibrarytopaths.code.tex
File: tikzlibrarytopaths.code.tex 2021/05/15 v3.1.9a (3.1.9a)
)))
\tcb@waterbox=\box75

(d:/LaTeX/texlive/2021/texmf-dist/tex/latex/tcolorbox/tcbskinsjigsaw.code.tex
Library (tcolorbox): 'tcbskinsjigsaw.code.tex' version '4.51'
)) (d:/LaTeX/texlive/2021/texmf-dist/tex/latex/tcolorbox/tcbbreakable.code.tex
Library (tcolorbox): 'tcbbreakable.code.tex' version '4.51'
(d:/LaTeX/texlive/2021/texmf-dist/tex/generic/oberdiek/pdfcol.sty
Package: pdfcol 2019/12/29 v1.6 Handle new color stacks for pdfTeX (HO)
Package pdfcol Info: Interface disabled because of missing PDF mode of pdfTeX.
)
Package pdfcol Info: pdfTeX's color stacks are not available.
\tcb@testbox=\box76
\tcb@totalupperbox=\box77
\tcb@totallowerbox=\box78
)
(d:/LaTeX/texlive/2021/texmf-dist/tex/latex/tcolorbox/tcbhooks.code.tex
Library (tcolorbox): 'tcbhooks.code.tex' version '4.51'
) (d:/LaTeX/texlive/2021/texmf-dist/tex/latex/tcolorbox/tcbtheorems.code.tex
Library (tcolorbox): 'tcbtheorems.code.tex' version '4.51'
(d:/LaTeX/texlive/2021/texmf-dist/tex/latex/amsmath/amsmath.sty
Package: amsmath 2021/04/20 v2.17j AMS math features
\@mathmargin=\skip70

For additional information on amsmath, use the `?' option.
(d:/LaTeX/texlive/2021/texmf-dist/tex/latex/amsmath/amstext.sty
Package: amstext 2000/06/29 v2.01 AMS text

(d:/LaTeX/texlive/2021/texmf-dist/tex/latex/amsmath/amsgen.sty
File: amsgen.sty 1999/11/30 v2.0 generic functions
\@emptytoks=\toks33
\ex@=\dimen301
))
(d:/LaTeX/texlive/2021/texmf-dist/tex/latex/amsmath/amsbsy.sty
Package: amsbsy 1999/11/29 v1.2d Bold Symbols
\pmbraise@=\dimen302
)
(d:/LaTeX/texlive/2021/texmf-dist/tex/latex/amsmath/amsopn.sty
Package: amsopn 2016/03/08 v2.02 operator names
)
\inf@bad=\count338
LaTeX Info: Redefining \frac on input line 234.
\uproot@=\count339
\leftroot@=\count340
LaTeX Info: Redefining \overline on input line 399.
\classnum@=\count341
\DOTSCASE@=\count342
LaTeX Info: Redefining \ldots on input line 496.
LaTeX Info: Redefining \dots on input line 499.
LaTeX Info: Redefining \cdots on input line 620.
\Mathstrutbox@=\box79
\strutbox@=\box80
\big@size=\dimen303
LaTeX Font Info:    Redeclaring font encoding OML on input line 743.
LaTeX Font Info:    Redeclaring font encoding OMS on input line 744.
\macc@depth=\count343
\c@MaxMatrixCols=\count344
\dotsspace@=\muskip18
\c@parentequation=\count345
\dspbrk@lvl=\count346
\tag@help=\toks34
\row@=\count347
\column@=\count348
\maxfields@=\count349
\andhelp@=\toks35
\eqnshift@=\dimen304
\alignsep@=\dimen305
\tagshift@=\dimen306
\tagwidth@=\dimen307
\totwidth@=\dimen308
\lineht@=\dimen309
\@envbody=\toks36
\multlinegap=\skip71
\multlinetaggap=\skip72
\mathdisplay@stack=\toks37
LaTeX Info: Redefining \[ on input line 2923.
LaTeX Info: Redefining \] on input line 2924.
))
(d:/LaTeX/texlive/2021/texmf-dist/tex/latex/tcolorbox/tcbfitting.code.tex
Library (tcolorbox): 'tcbfitting.code.tex' version '4.51'
\tcbfitdim=\dimen310
\tcb@lowerfitdim=\dimen311
\tcb@upperfitdim=\dimen312
\tcb@cur@hbadness=\count350
) (d:/LaTeX/texlive/2021/texmf-dist/tex/latex/tcolorbox/tcbxparse.code.tex
Library (tcolorbox): 'tcbxparse.code.tex' version '4.51'
)) (d:/LaTeX/texlive/2021/texmf-dist/tex/latex/base/fontenc.sty
Package: fontenc 2021/04/29 v2.0v Standard LaTeX package
LaTeX Font Info:    Trying to load font information for T1+lmr on input line 11
2.

(d:/LaTeX/texlive/2021/texmf-dist/tex/latex/lm/t1lmr.fd
File: t1lmr.fd 2015/05/01 v1.6.1 Font defs for Latin Modern
))
(d:/LaTeX/texlive/2021/texmf-dist/tex/latex/lm/lmodern.sty
Package: lmodern 2015/05/01 v1.6.1 Latin Modern Fonts
LaTeX Font Info:    Overwriting symbol font `operators' in version `normal'
(Font)                  OT1/cmr/m/n --> OT1/lmr/m/n on input line 22.
LaTeX Font Info:    Overwriting symbol font `letters' in version `normal'
(Font)                  OML/cmm/m/it --> OML/lmm/m/it on input line 23.
LaTeX Font Info:    Overwriting symbol font `symbols' in version `normal'
(Font)                  OMS/cmsy/m/n --> OMS/lmsy/m/n on input line 24.
LaTeX Font Info:    Overwriting symbol font `largesymbols' in version `normal'
(Font)                  OMX/cmex/m/n --> OMX/lmex/m/n on input line 25.
LaTeX Font Info:    Overwriting symbol font `operators' in version `bold'
(Font)                  OT1/cmr/bx/n --> OT1/lmr/bx/n on input line 26.
LaTeX Font Info:    Overwriting symbol font `letters' in version `bold'
(Font)                  OML/cmm/b/it --> OML/lmm/b/it on input line 27.
LaTeX Font Info:    Overwriting symbol font `symbols' in version `bold'
(Font)                  OMS/cmsy/b/n --> OMS/lmsy/b/n on input line 28.
LaTeX Font Info:    Overwriting symbol font `largesymbols' in version `bold'
(Font)                  OMX/cmex/m/n --> OMX/lmex/m/n on input line 29.
LaTeX Font Info:    Overwriting math alphabet `\mathbf' in version `normal'
(Font)                  OT1/cmr/bx/n --> OT1/lmr/bx/n on input line 31.
LaTeX Font Info:    Overwriting math alphabet `\mathsf' in version `normal'
(Font)                  OT1/cmss/m/n --> OT1/lmss/m/n on input line 32.
LaTeX Font Info:    Overwriting math alphabet `\mathit' in version `normal'
(Font)                  OT1/cmr/m/it --> OT1/lmr/m/it on input line 33.
LaTeX Font Info:    Overwriting math alphabet `\mathtt' in version `normal'
(Font)                  OT1/cmtt/m/n --> OT1/lmtt/m/n on input line 34.
LaTeX Font Info:    Overwriting math alphabet `\mathbf' in version `bold'
(Font)                  OT1/cmr/bx/n --> OT1/lmr/bx/n on input line 35.
LaTeX Font Info:    Overwriting math alphabet `\mathsf' in version `bold'
(Font)                  OT1/cmss/bx/n --> OT1/lmss/bx/n on input line 36.
LaTeX Font Info:    Overwriting math alphabet `\mathit' in version `bold'
(Font)                  OT1/cmr/bx/it --> OT1/lmr/bx/it on input line 37.
LaTeX Font Info:    Overwriting math alphabet `\mathtt' in version `bold'
(Font)                  OT1/cmtt/m/n --> OT1/lmtt/m/n on input line 38.
)
(d:/LaTeX/texlive/2021/texmf-dist/tex/latex/jknapltx/mathrsfs.sty
Package: mathrsfs 1996/01/01 Math RSFS package v1.0 (jk)
\symrsfs=\mathgroup4
)
(d:/LaTeX/texlive/2021/texmf-dist/tex/latex/enumitem/enumitem.sty
Package: enumitem 2019/06/20 v3.9 Customized lists
\labelindent=\skip73
\enit@outerparindent=\dimen313
\enit@toks=\toks38
\enit@inbox=\box81
\enit@count@id=\count351
\enitdp@description=\count352
)
(d:/LaTeX/texlive/2021/texmf-dist/tex/latex/mathtools/mathtools.sty
Package: mathtools 2021/04/12 v1.27 mathematical typesetting tools

(d:/LaTeX/texlive/2021/texmf-dist/tex/latex/tools/calc.sty
Package: calc 2017/05/25 v4.3 Infix arithmetic (KKT,FJ)
\calc@Acount=\count353
\calc@Bcount=\count354
\calc@Adimen=\dimen314
\calc@Bdimen=\dimen315
\calc@Askip=\skip74
\calc@Bskip=\skip75
LaTeX Info: Redefining \setlength on input line 80.
LaTeX Info: Redefining \addtolength on input line 81.
\calc@Ccount=\count355
\calc@Cskip=\skip76
)
(d:/LaTeX/texlive/2021/texmf-dist/tex/latex/mathtools/mhsetup.sty
Package: mhsetup 2021/03/18 v1.4 programming setup (MH)
)
LaTeX Info: Thecontrolsequence`\('isalreadyrobust on input line 130.
LaTeX Info: Thecontrolsequence`\)'isalreadyrobust on input line 130.
LaTeX Info: Thecontrolsequence`\['isalreadyrobust on input line 130.
LaTeX Info: Thecontrolsequence`\]'isalreadyrobust on input line 130.
\g_MT_multlinerow_int=\count356
\l_MT_multwidth_dim=\dimen316
\origjot=\skip77
\l_MT_shortvdotswithinadjustabove_dim=\dimen317
\l_MT_shortvdotswithinadjustbelow_dim=\dimen318
\l_MT_above_intertext_sep=\dimen319
\l_MT_below_intertext_sep=\dimen320
\l_MT_above_shortintertext_sep=\dimen321
\l_MT_below_shortintertext_sep=\dimen322
\xmathstrut@box=\box82
\xmathstrut@dim=\dimen323
)
(d:/LaTeX/texlive/2021/texmf-dist/tex/latex/amscls/amsthm.sty
Package: amsthm 2020/05/29 v2.20.6
\thm@style=\toks39
\thm@bodyfont=\toks40
\thm@headfont=\toks41
\thm@notefont=\toks42
\thm@headpunct=\toks43
\thm@preskip=\skip78
\thm@postskip=\skip79
\thm@headsep=\skip80
\dth@everypar=\toks44
)
(d:/LaTeX/texlive/2021/texmf-dist/tex/latex/amsfonts/amssymb.sty
Package: amssymb 2013/01/14 v3.01 AMS font symbols

(d:/LaTeX/texlive/2021/texmf-dist/tex/latex/amsfonts/amsfonts.sty
Package: amsfonts 2013/01/14 v3.01 Basic AMSFonts support
\symAMSa=\mathgroup5
\symAMSb=\mathgroup6
LaTeX Font Info:    Redeclaring math symbol \hbar on input line 98.
LaTeX Font Info:    Overwriting math alphabet `\mathfrak' in version `bold'
(Font)                  U/euf/m/n --> U/euf/b/n on input line 106.
))
(d:/LaTeX/texlive/2021/texmf-dist/tex/latex/tools/bm.sty
Package: bm 2021/04/25 v1.2e Bold Symbol Support (DPC/FMi)
\symboldoperators=\mathgroup7
\symboldletters=\mathgroup8
\symboldsymbols=\mathgroup9
Package bm Info: No bold for \OMX/lmex/m/n, using \pmb.
Package bm Info: No bold for \U/rsfs/m/n, using \pmb.
Package bm Info: No bold for \U/msa/m/n, using \pmb.
Package bm Info: No bold for \U/msb/m/n, using \pmb.
LaTeX Font Info:    Redeclaring math alphabet \mathbf on input line 149.
)
(d:/LaTeX/texlive/2021/texmf-dist/tex/latex/thmtools/thmtools.sty
Package: thmtools 2020/08/01 v0.72
\thmt@toks=\toks45
\c@thmt@dummyctr=\count357

(d:/LaTeX/texlive/2021/texmf-dist/tex/latex/thmtools/thm-patch.sty
Package: thm-patch 2020/08/01 v0.72

(d:/LaTeX/texlive/2021/texmf-dist/tex/latex/thmtools/parseargs.sty
Package: parseargs 2020/08/01 v0.72
\@parsespec=\toks46
))
(d:/LaTeX/texlive/2021/texmf-dist/tex/latex/thmtools/thm-kv.sty
Package: thm-kv 2020/08/01 v0.72
Package thm-kv Info: Theorem names will be uppercased on input line 42.
Package thm-kv Info: kvsetkeys patch (v1.16 or later) on input line 158.
)
(d:/LaTeX/texlive/2021/texmf-dist/tex/latex/thmtools/thm-autoref.sty
Package: thm-autoref 2020/08/01 v0.72

(d:/LaTeX/texlive/2021/texmf-dist/tex/latex/thmtools/aliasctr.sty
Package: aliasctr 2020/08/01 v0.72
))
(d:/LaTeX/texlive/2021/texmf-dist/tex/latex/thmtools/thm-listof.sty
Package: thm-listof 2020/08/01 v0.72
)
(d:/LaTeX/texlive/2021/texmf-dist/tex/latex/thmtools/thm-restate.sty
Package: thm-restate 2020/08/01 v0.72
)
(d:/LaTeX/texlive/2021/texmf-dist/tex/latex/thmtools/thm-amsthm.sty
Package: thm-amsthm 2020/08/01 v0.72
\thmt@style@headstyle=\toks47
))
(d:/LaTeX/texlive/2021/texmf-dist/tex/latex/tools/array.sty
Package: array 2021/04/20 v2.5e Tabular extension package (FMi)
\col@sep=\dimen324
\ar@mcellbox=\box83
\extrarowheight=\dimen325
\NC@list=\toks48
\extratabsurround=\skip81
\backup@length=\skip82
\ar@cellbox=\box84
)
(d:/LaTeX/texlive/2021/texmf-dist/tex/latex/tools/tabularx.sty
Package: tabularx 2020/01/15 v2.11c `tabularx' package (DPC)
\TX@col@width=\dimen326
\TX@old@table=\dimen327
\TX@old@col=\dimen328
\TX@target=\dimen329
\TX@delta=\dimen330
\TX@cols=\count358
\TX@ftn=\toks49
)
(d:/LaTeX/texlive/2021/texmf-dist/tex/latex/booktabs/booktabs.sty
Package: booktabs 2020/01/12 v1.61803398 Publication quality tables
\heavyrulewidth=\dimen331
\lightrulewidth=\dimen332
\cmidrulewidth=\dimen333
\belowrulesep=\dimen334
\belowbottomsep=\dimen335
\aboverulesep=\dimen336
\abovetopsep=\dimen337
\cmidrulesep=\dimen338
\cmidrulekern=\dimen339
\defaultaddspace=\dimen340
\@cmidla=\count359
\@cmidlb=\count360
\@aboverulesep=\dimen341
\@belowrulesep=\dimen342
\@thisruleclass=\count361
\@lastruleclass=\count362
\@thisrulewidth=\dimen343
)
(d:/LaTeX/texlive/2021/texmf-dist/tex/latex/wrapfig/wrapfig.sty
\wrapoverhang=\dimen344
\WF@size=\dimen345
\c@WF@wrappedlines=\count363
\WF@box=\box85
\WF@everypar=\toks50
Package: wrapfig 2003/01/31  v 3.6
)
(d:/LaTeX/texlive/2021/texmf-dist/tex/latex/float/float.sty
Package: float 2001/11/08 v1.3d Float enhancements (AL)
\c@float@type=\count364
\float@exts=\toks51
\float@box=\box86
\@float@everytoks=\toks52
\@floatcapt=\box87
)
(d:/LaTeX/texlive/2021/texmf-dist/tex/latex/setspace/setspace.sty
Package: setspace 2011/12/19 v6.7a set line spacing
)
(d:/LaTeX/texlive/2021/texmf-dist/tex/latex/tools/multicol.sty
Package: multicol 2019/12/09 v1.8y multicolumn formatting (FMi)
\c@tracingmulticols=\count365
\mult@box=\box88
\multicol@leftmargin=\dimen346
\c@unbalance=\count366
\c@collectmore=\count367
\doublecol@number=\count368
\multicoltolerance=\count369
\multicolpretolerance=\count370
\full@width=\dimen347
\page@free=\dimen348
\premulticols=\dimen349
\postmulticols=\dimen350
\multicolsep=\skip83
\multicolbaselineskip=\skip84
\partial@page=\box89
\last@line=\box90
\maxbalancingoverflow=\dimen351
\mult@rightbox=\box91
\mult@grightbox=\box92
\mult@gfirstbox=\box93
\mult@firstbox=\box94
\@tempa=\box95
\@tempa=\box96
\@tempa=\box97
\@tempa=\box98
\@tempa=\box99
\@tempa=\box100
\@tempa=\box101
\@tempa=\box102
\@tempa=\box103
\@tempa=\box104
\@tempa=\box105
\@tempa=\box106
\@tempa=\box107
\@tempa=\box108
\@tempa=\box109
\@tempa=\box110
\@tempa=\box111
\@tempa=\box112
\@tempa=\box113
\@tempa=\box114
\@tempa=\box115
\@tempa=\box116
\@tempa=\box117
\@tempa=\box118
\@tempa=\box119
\@tempa=\box120
\@tempa=\box121
\@tempa=\box122
\@tempa=\box123
\@tempa=\box124
\@tempa=\box125
\@tempa=\box126
\@tempa=\box127
\@tempa=\box128
\@tempa=\box129
\@tempa=\box130
\@tempa=\box131
\c@minrows=\count371
\c@columnbadness=\count372
\c@finalcolumnbadness=\count373
\last@try=\dimen352
\multicolovershoot=\dimen353
\multicolundershoot=\dimen354
\mult@nat@firstbox=\box132
\colbreak@box=\box133
\mc@col@check@num=\count374
)
(d:/LaTeX/texlive/2021/texmf-dist/tex/latex/physics/physics.sty
Package: physics 
)
\myoddoffset=\skip85
\spacelength=\skip86
\c@theorem=\count375
\c@proof=\count376
\c@Intuition=\count377
\c@ques=\count378
\c@definition=\count379
\c@lemma=\count380
\c@intu=\count381
\c@solu=\count382
\c@remark=\count383
\c@example=\count384
\auth@toks=\toks53
\affil@toks=\toks54
\email@toks=\toks55
\c@email@counter=\count385
\affiliationsSep=\skip87
LaTeX Font Info:    Trying to load font information for OT1+phv on input line 3
88.

(d:/LaTeX/texlive/2021/texmf-dist/tex/latex/psnfss/ot1phv.fd
File: ot1phv.fd 2020/03/25 scalable font definitions for OT1/phv.
)
(d:/LaTeX/texlive/2021/texmf-dist/tex/latex/titlesec/titlesec.sty
Package: titlesec 2021/07/05 v2.14 Sectioning titles
\ttl@box=\box134
\beforetitleunit=\skip88
\aftertitleunit=\skip89
\ttl@plus=\dimen355
\ttl@minus=\dimen356
\ttl@toksa=\toks56
\titlewidth=\dimen357
\titlewidthlast=\dimen358
\titlewidthfirst=\dimen359
))
(d:/LaTeX/texlive/2021/texmf-dist/tex/latex/lipsum/lipsum.sty
Package: lipsum 2021-08-01 v2.5 150 paragraphs of Lorem Ipsum dummy text
\g__lipsum_par_int=\count386
\l__lipsum_a_int=\count387
\l__lipsum_b_int=\count388

(d:/LaTeX/texlive/2021/texmf-dist/tex/latex/lipsum/lipsum.ltd.tex))
(d:/LaTeX/texlive/2021/texmf-dist/tex/latex/annotate-equations/annotate-equatio
ns.sty
Package: annotate-equations 2023/05/06 v0.2.2 easily annotate equations using T
ikZ
 (d:/LaTeX/texlive/2021/texmf-dist/tex/generic/iftex/ifluatex.sty
Package: ifluatex 2019/10/25 v1.5 ifluatex legacy package. Use iftex instead.
)
(d:/LaTeX/texlive/2021/texmf-dist/tex/generic/pgf/frontendlayer/tikz/libraries/
tikzlibrarybackgrounds.code.tex
File: tikzlibrarybackgrounds.code.tex 2021/05/15 v3.1.9a (3.1.9a)
\pgf@layerbox@background=\box135
\pgf@layerboxsaved@background=\box136
)
(d:/LaTeX/texlive/2021/texmf-dist/tex/generic/pgf/frontendlayer/tikz/libraries/
tikzlibraryarrows.code.tex
File: tikzlibraryarrows.code.tex 2021/05/15 v3.1.9a (3.1.9a)

(d:/LaTeX/texlive/2021/texmf-dist/tex/generic/pgf/libraries/pgflibraryarrows.co
de.tex
File: pgflibraryarrows.code.tex 2021/05/15 v3.1.9a (3.1.9a)
\arrowsize=\dimen360
))
(d:/LaTeX/texlive/2021/texmf-dist/tex/generic/pgf/frontendlayer/tikz/libraries/
tikzlibraryshapes.code.tex
File: tikzlibraryshapes.code.tex 2021/05/15 v3.1.9a (3.1.9a)

(d:/LaTeX/texlive/2021/texmf-dist/tex/generic/pgf/frontendlayer/tikz/libraries/
tikzlibraryshapes.geometric.code.tex
File: tikzlibraryshapes.geometric.code.tex 2021/05/15 v3.1.9a (3.1.9a)

(d:/LaTeX/texlive/2021/texmf-dist/tex/generic/pgf/libraries/shapes/pgflibrarysh
apes.geometric.code.tex
File: pgflibraryshapes.geometric.code.tex 2021/05/15 v3.1.9a (3.1.9a)
))
(d:/LaTeX/texlive/2021/texmf-dist/tex/generic/pgf/frontendlayer/tikz/libraries/
tikzlibraryshapes.misc.code.tex
File: tikzlibraryshapes.misc.code.tex 2021/05/15 v3.1.9a (3.1.9a)

(d:/LaTeX/texlive/2021/texmf-dist/tex/generic/pgf/libraries/shapes/pgflibrarysh
apes.misc.code.tex
File: pgflibraryshapes.misc.code.tex 2021/05/15 v3.1.9a (3.1.9a)
))
(d:/LaTeX/texlive/2021/texmf-dist/tex/generic/pgf/frontendlayer/tikz/libraries/
tikzlibraryshapes.symbols.code.tex
File: tikzlibraryshapes.symbols.code.tex 2021/05/15 v3.1.9a (3.1.9a)

(d:/LaTeX/texlive/2021/texmf-dist/tex/generic/pgf/libraries/shapes/pgflibrarysh
apes.symbols.code.tex
File: pgflibraryshapes.symbols.code.tex 2021/05/15 v3.1.9a (3.1.9a)
))
(d:/LaTeX/texlive/2021/texmf-dist/tex/generic/pgf/frontendlayer/tikz/libraries/
tikzlibraryshapes.arrows.code.tex
File: tikzlibraryshapes.arrows.code.tex 2021/05/15 v3.1.9a (3.1.9a)

(d:/LaTeX/texlive/2021/texmf-dist/tex/generic/pgf/libraries/shapes/pgflibrarysh
apes.arrows.code.tex
File: pgflibraryshapes.arrows.code.tex 2021/05/15 v3.1.9a (3.1.9a)
))
(d:/LaTeX/texlive/2021/texmf-dist/tex/generic/pgf/frontendlayer/tikz/libraries/
tikzlibraryshapes.callouts.code.tex
(d:/LaTeX/texlive/2021/texmf-dist/tex/generic/pgf/libraries/shapes/pgflibrarysh
apes.callouts.code.tex))
(d:/LaTeX/texlive/2021/texmf-dist/tex/generic/pgf/frontendlayer/tikz/libraries/
tikzlibraryshapes.multipart.code.tex
File: tikzlibraryshapes.multipart.code.tex 2021/05/15 v3.1.9a (3.1.9a)

(d:/LaTeX/texlive/2021/texmf-dist/tex/generic/pgf/libraries/shapes/pgflibrarysh
apes.multipart.code.tex
File: pgflibraryshapes.multipart.code.tex 2021/05/15 v3.1.9a (3.1.9a)
\pgfnodepartlowerbox=\box137
\pgfnodeparttwobox=\box138
\pgfnodepartthreebox=\box139
\pgfnodepartfourbox=\box140
\pgfnodeparttwentybox=\box141
\pgfnodepartnineteenbox=\box142
\pgfnodeparteighteenbox=\box143
\pgfnodepartseventeenbox=\box144
\pgfnodepartsixteenbox=\box145
\pgfnodepartfifteenbox=\box146
\pgfnodepartfourteenbox=\box147
\pgfnodepartthirteenbox=\box148
\pgfnodeparttwelvebox=\box149
\pgfnodepartelevenbox=\box150
\pgfnodeparttenbox=\box151
\pgfnodepartninebox=\box152
\pgfnodeparteightbox=\box153
\pgfnodepartsevenbox=\box154
\pgfnodepartsixbox=\box155
\pgfnodepartfivebox=\box156
)))
(d:/LaTeX/texlive/2021/texmf-dist/tex/latex/tikzmark/tikzlibrarytikzmark.code.t
ex
File: tikzlibrarytikzmark.code.tex 2021/02/16 v1.10 TikZ library for marking po
sitions in a document
\l__sn_x_dim=\dimen361
\l__sn_y_dim=\dimen362
\l__sn_xa_dim=\dimen363
\l__sn_ya_dim=\dimen364
)
(d:/LaTeX/texlive/2021/texmf-dist/tex/generic/pgf/frontendlayer/tikz/libraries/
tikzlibrarycalc.code.tex
File: tikzlibrarycalc.code.tex 2021/05/15 v3.1.9a (3.1.9a)
)
\c@eqnannotatenode=\count389
)
(d:/LaTeX/texlive/2021/texmf-dist/tex/latex/l3packages/xfp/xfp.sty
Package: xfp 2021-08-27 L3 Floating point unit
)
(d:/LaTeX/texlive/2021/texmf-dist/tex/latex/contour/contour.sty
Invalid UTF-8 byte or sequence at line 11 replaced by U+FFFD.
Package: contour 2004/11/18 v2.14 Print contoured text (HH, MH)
\con@length=\skip90

Loading configuration file `contour.cfg'.
(d:/LaTeX/texlive/2021/texmf-dist/tex/latex/contour/contour.cfg
File: contour.cfg 2004/11/18 v2.14 Print contoured text (HH, MH)
)
contour: Using driver file `dvips.cnt'.
(d:/LaTeX/texlive/2021/texmf-dist/tex/latex/contour/dvips.cnt
File: dvips.cnt 2004/11/18 v2.14 Print contoured text (HH, MH)
))
(d:/LaTeX/texlive/2021/texmf-dist/tex/generic/pgf/frontendlayer/tikz/libraries/
tikzlibrarydecorations.markings.code.tex
(d:/LaTeX/texlive/2021/texmf-dist/tex/generic/pgf/frontendlayer/tikz/libraries/
tikzlibrarydecorations.code.tex
(d:/LaTeX/texlive/2021/texmf-dist/tex/generic/pgf/modules/pgfmoduledecorations.
code.tex
\pgfdecoratedcompleteddistance=\dimen365
\pgfdecoratedremainingdistance=\dimen366
\pgfdecoratedinputsegmentcompleteddistance=\dimen367
\pgfdecoratedinputsegmentremainingdistance=\dimen368
\pgf@decorate@distancetomove=\dimen369
\pgf@decorate@repeatstate=\count390
\pgfdecorationsegmentamplitude=\dimen370
\pgfdecorationsegmentlength=\dimen371
)
\tikz@lib@dec@box=\box157
)
(d:/LaTeX/texlive/2021/texmf-dist/tex/generic/pgf/libraries/decorations/pgflibr
arydecorations.markings.code.tex))
(d:/LaTeX/texlive/2021/texmf-dist/tex/generic/pgf/frontendlayer/tikz/libraries/
tikzlibrarydecorations.pathmorphing.code.tex
(d:/LaTeX/texlive/2021/texmf-dist/tex/generic/pgf/libraries/decorations/pgflibr
arydecorations.pathmorphing.code.tex))
(d:/LaTeX/texlive/2021/texmf-dist/tex/generic/pgf/frontendlayer/tikz/libraries/
tikzlibraryangles.code.tex
File: tikzlibraryangles.code.tex 2021/05/15 v3.1.9a (3.1.9a)
)
(d:/LaTeX/texlive/2021/texmf-dist/tex/generic/pgf/frontendlayer/tikz/libraries/
tikzlibraryquotes.code.tex
File: tikzlibraryquotes.code.tex 2021/05/15 v3.1.9a (3.1.9a)
)
(d:/LaTeX/texlive/2021/texmf-dist/tex/generic/pgf/libraries/pgflibraryarrows.me
ta.code.tex
File: pgflibraryarrows.meta.code.tex 2021/05/15 v3.1.9a (3.1.9a)
\pgfarrowinset=\dimen372
\pgfarrowlength=\dimen373
\pgfarrowwidth=\dimen374
\pgfarrowlinewidth=\dimen375
) (./main.aux (./texfiles/part1.aux) (./texfiles/part2.aux)
(./texfiles/part3.aux) (./texfiles/part4.aux))
\openout1 = `main.aux'.

LaTeX Font Info:    Checking defaults for OML/cmm/m/it on input line 70.
LaTeX Font Info:    ... okay on input line 70.
LaTeX Font Info:    Checking defaults for OMS/cmsy/m/n on input line 70.
LaTeX Font Info:    ... okay on input line 70.
LaTeX Font Info:    Checking defaults for OT1/cmr/m/n on input line 70.
LaTeX Font Info:    ... okay on input line 70.
LaTeX Font Info:    Checking defaults for T1/cmr/m/n on input line 70.
LaTeX Font Info:    ... okay on input line 70.
LaTeX Font Info:    Checking defaults for TS1/cmr/m/n on input line 70.
LaTeX Font Info:    ... okay on input line 70.
LaTeX Font Info:    Checking defaults for TU/lmr/m/n on input line 70.
LaTeX Font Info:    ... okay on input line 70.
LaTeX Font Info:    Checking defaults for OMX/cmex/m/n on input line 70.
LaTeX Font Info:    ... okay on input line 70.
LaTeX Font Info:    Checking defaults for U/cmr/m/n on input line 70.
LaTeX Font Info:    ... okay on input line 70.
LaTeX Font Info:    Checking defaults for PD1/pdf/m/n on input line 70.
LaTeX Font Info:    ... okay on input line 70.
LaTeX Font Info:    Checking defaults for PU/pdf/m/n on input line 70.
LaTeX Font Info:    ... okay on input line 70.
Package hyperref Info: Link coloring ON on input line 70.

(d:/LaTeX/texlive/2021/texmf-dist/tex/latex/hyperref/nameref.sty
Package: nameref 2021-04-02 v2.47 Cross-referencing by name of section

(d:/LaTeX/texlive/2021/texmf-dist/tex/latex/refcount/refcount.sty
Package: refcount 2019/12/15 v3.6 Data extraction from label references (HO)
)
(d:/LaTeX/texlive/2021/texmf-dist/tex/generic/gettitlestring/gettitlestring.sty
Package: gettitlestring 2019/12/15 v1.6 Cleanup title references (HO)
)
\c@section@level=\count391
)
LaTeX Info: Redefining \ref on input line 70.
LaTeX Info: Redefining \pageref on input line 70.
LaTeX Info: Redefining \nameref on input line 70.
 (./main.out) (./main.out)
\@outlinefile=\write4
\openout4 = `main.out'.

Package caption Info: Begin \AtBeginDocument code.
Package caption Info: changepage package is loaded.
\caption@adjustwidth@hsize=\dimen376
\caption@adjustwidth@linewidth=\dimen377
Package caption Info: float package is loaded.
Package caption Info: wrapfig package is loaded.
Package caption Info: End \AtBeginDocument code.
\@sidenotes@extrawidth=\skip91

*geometry* driver: auto-detecting
*geometry* detected driver: xetex
*geometry* verbose mode - [ preamble ] result:
* driver: xetex
* paper: custom
* layout: <same size as paper>
* layoutoffset:(h,v)=(0.0pt,0.0pt)
* modes: 
* h-part:(L,W,R)=(67.57281pt, 380.8599pt, 165.86229pt)
* v-part:(T,H,B)=(65.18811pt, 631.99968pt, 97.7822pt)
* \paperwidth=614.295pt
* \paperheight=794.96999pt
* \textwidth=380.8599pt
* \textheight=641.99968pt
* \oddsidemargin=-4.69717pt
* \evensidemargin=-4.69717pt
* \topmargin=39.75092pt
* \headheight=15.90279pt
* \headsep=23.84811pt
* \topskip=10.0pt
* \footskip=20.0pt
* \marginparwidth=122.85712pt
* \marginparsep=12.28851pt
* \columnsep=10.0pt
* \skip\footins=9.0pt plus 4.0pt minus 2.0pt
* \hoffset=0.0pt
* \voffset=-72.26999pt
* \mag=1000
* \@twocolumnfalse
* \@twosidefalse
* \@mparswitchfalse
* \@reversemarginfalse
* (1in=72.27pt=25.4mm, 1cm=28.453pt)

*geometry* verbose mode - [ newgeometry ] result:
* driver: xetex
* paper: custom
* layout: <same size as paper>
* layoutoffset:(h,v)=(0.0pt,0.0pt)
* modes: 
* h-part:(L,W,R)=(61.42856pt, 491.43787pt, 61.42857pt)
* v-part:(T,H,B)=(95.39737pt, 556.47656pt, 143.09605pt)
* \paperwidth=614.295pt
* \paperheight=794.96999pt
* \textwidth=491.43787pt
* \textheight=556.47656pt
* \oddsidemargin=-10.84143pt
* \evensidemargin=-10.84143pt
* \topmargin=-16.62352pt
* \headheight=15.90279pt
* \headsep=23.84811pt
* \topskip=10.0pt
* \footskip=20.0pt
* \marginparwidth=0.0pt
* \marginparsep=0.0pt
* \columnsep=10.0pt
* \skip\footins=9.0pt plus 4.0pt minus 2.0pt
* \hoffset=0.0pt
* \voffset=0.0pt
* \mag=1000
* \@twocolumnfalse
* \@twosidefalse
* \@mparswitchfalse
* \@reversemarginfalse
* (1in=72.27pt=25.4mm, 1cm=28.453pt)


Package fontspec Info: Could not resolve font "Microsoft YaHei Bold/I" (it
(fontspec)             probably doesn't exist).


Package fontspec Info: Could not resolve font "Microsoft YaHei/I" (it probably
(fontspec)             doesn't exist).

LaTeX Font Info:    Trying to load font information for T1+lmss on input line 8
1.
(d:/LaTeX/texlive/2021/texmf-dist/tex/latex/lm/t1lmss.fd
File: t1lmss.fd 2015/05/01 v1.6.1 Font defs for Latin Modern
)

Package fontspec Info: Font family 'MicrosoftYaHei(0)' created for font
(fontspec)             'Microsoft YaHei' with options
(fontspec)             [Script={CJK},BoldFont={* Bold}].
(fontspec)              
(fontspec)              This font family consists of the following NFSS
(fontspec)             series/shapes:
(fontspec)              
(fontspec)             - 'normal' (m/n) with NFSS spec.: <->"Microsoft
(fontspec)             YaHei/OT:script=hani;language=dflt;"
(fontspec)             - 'small caps'  (m/sc) with NFSS spec.: 
(fontspec)             - 'bold' (b/n) with NFSS spec.: <->"Microsoft YaHei
(fontspec)             Bold/OT:script=hani;language=dflt;"
(fontspec)             - 'bold small caps'  (b/sc) with NFSS spec.: 
(fontspec)             - 'bold italic' (b/it) with NFSS spec.: <->"Microsoft
(fontspec)             YaHei/BI/OT:script=hani;language=dflt;"
(fontspec)             - 'bold italic small caps'  (b/scit) with NFSS spec.: 



LaTeX Font Warning: Font shape `TU/SimSun(0)/m/sc' undefined
(Font)              using `TU/SimSun(0)/m/n' instead on input line 81.


LaTeX Font Warning: Font shape `T1/lmr/m/scit' undefined
(Font)              using `T1/lmr/m/scsl' instead on input line 81.


Underfull \hbox (badness 10000) in paragraph at lines 81--81

 []


Package fontspec Info: Could not resolve font "FangSong/BI" (it probably
(fontspec)             doesn't exist).


Package fontspec Info: Could not resolve font "FangSong/B" (it probably
(fontspec)             doesn't exist).


Package fontspec Info: Could not resolve font "FangSong/I" (it probably
(fontspec)             doesn't exist).

LaTeX Font Info:    Trying to load font information for T1+lmtt on input line 8
1.
(d:/LaTeX/texlive/2021/texmf-dist/tex/latex/lm/t1lmtt.fd
File: t1lmtt.fd 2015/05/01 v1.6.1 Font defs for Latin Modern
)

Package fontspec Info: Font family 'FangSong(0)' created for font 'FangSong'
(fontspec)             with options [Script={CJK}].
(fontspec)              
(fontspec)              This font family consists of the following NFSS
(fontspec)             series/shapes:
(fontspec)              
(fontspec)             - 'normal' (m/n) with NFSS spec.:
(fontspec)             <->"FangSong/OT:script=hani;language=dflt;"
(fontspec)             - 'small caps'  (m/sc) with NFSS spec.: 

LaTeX Font Info:    Trying to load font information for OT1+lmr on input line 8
1.

(d:/LaTeX/texlive/2021/texmf-dist/tex/latex/lm/ot1lmr.fd
File: ot1lmr.fd 2015/05/01 v1.6.1 Font defs for Latin Modern
)
LaTeX Font Info:    Trying to load font information for OML+lmm on input line 8
1.

(d:/LaTeX/texlive/2021/texmf-dist/tex/latex/lm/omllmm.fd
File: omllmm.fd 2015/05/01 v1.6.1 Font defs for Latin Modern
)
LaTeX Font Info:    Trying to load font information for OMS+lmsy on input line 
81.

(d:/LaTeX/texlive/2021/texmf-dist/tex/latex/lm/omslmsy.fd
File: omslmsy.fd 2015/05/01 v1.6.1 Font defs for Latin Modern
)
LaTeX Font Info:    Trying to load font information for OMX+lmex on input line 
81.

(d:/LaTeX/texlive/2021/texmf-dist/tex/latex/lm/omxlmex.fd
File: omxlmex.fd 2015/05/01 v1.6.1 Font defs for Latin Modern
)
LaTeX Font Info:    External font `lmex10' loaded for size
(Font)              <10> on input line 81.
LaTeX Font Info:    External font `lmex10' loaded for size
(Font)              <7> on input line 81.
LaTeX Font Info:    External font `lmex10' loaded for size
(Font)              <5> on input line 81.
LaTeX Font Info:    Trying to load font information for U+rsfs on input line 81
.

(d:/LaTeX/texlive/2021/texmf-dist/tex/latex/jknapltx/ursfs.fd
File: ursfs.fd 1998/03/24 rsfs font definition file (jk)
)
LaTeX Font Info:    Trying to load font information for U+msa on input line 81.


(d:/LaTeX/texlive/2021/texmf-dist/tex/latex/amsfonts/umsa.fd
File: umsa.fd 2013/01/14 v3.01 AMS symbols A
)
LaTeX Font Info:    Trying to load font information for U+msb on input line 81.


(d:/LaTeX/texlive/2021/texmf-dist/tex/latex/amsfonts/umsb.fd
File: umsb.fd 2013/01/14 v3.01 AMS symbols B
)
File: figs/cover2.pdf Graphic file (type pdf)
<use figs/cover2.pdf>
File: figs/cover.pdf Graphic file (type pdf)
<use figs/cover.pdf>
 [0


]
Package marginnote Info: Using workaround for absolute page number on input lin
e 81.
 (./main.toc
[1])
\tf@toc=\write5
\openout5 = `main.toc'.

 [2]
\openout2 = `texfiles/part1.aux'.

 (./texfiles/part1.tex
Package marginnote Info: Margin note 5.1 is on absolute page 5 on input line 1.

Package marginnote Info: right page because not two side mode on input line 1.
Package marginnote Info: xpos seems to be 67.57281pt on input line 1.
LaTeX Font Info:    External font `lmex10' loaded for size
(Font)              <24.88> on input line 1.
LaTeX Font Info:    External font `lmex10' loaded for size
(Font)              <20.74> on input line 1.
LaTeX Font Info:    External font `lmex10' loaded for size
(Font)              <17.28> on input line 1.


LaTeX Font Warning: Font shape `TU/SimSun(0)/b/it' undefined
(Font)              using `TU/SimSun(0)/b/n' instead on input line 3.

LaTeX Font Info:    External font `lmex10' loaded for size
(Font)              <8> on input line 3.
LaTeX Font Info:    External font `lmex10' loaded for size
(Font)              <6> on input line 3.

Underfull \hbox (badness 3407) in paragraph at lines 3--3
[]$[]$ \TU/SimSun(0)/m/it/8        $\OML/lmm/m/it/8 ^^Q[] \OT1/lmr/m/n/8
 =
 []


LaTeX Warning: Marginpar on page 1 moved.


LaTeX Warning: Marginpar on page 1 moved.

[1


] [2]
Package hyperref Info: bookmark level for unknown definition defaults to 0 on i
nput line 108.
LaTeX Font Info:    Trying to load font information for U+euf on input line 113
.
 (d:/LaTeX/texlive/2021/texmf-dist/tex/latex/amsfonts/ueuf.fd
File: ueuf.fd 2013/01/14 v3.01 Euler Fraktur
)
Package hyperref Info: bookmark level for unknown theorem defaults to 0 on inpu
t line 129.


Package tcolorbox Warning: Discard zero height first box part due to break prob
lems (possible loss of zero height content) on input line 133.

[3]) [4]
\openout2 = `texfiles/part2.aux'.

 (./texfiles/part2.tex
Package marginnote Info: Margin note 9.1 is on absolute page 9 on input line 1.

Package marginnote Info: right page because not two side mode on input line 1.
Package marginnote Info: xpos seems to be 67.57281pt on input line 1.
LaTeX Font Info:    External font `lmex10' loaded for size
(Font)              <14.4> on input line 13.


Package hyperref Warning: Token not allowed in a PDF string (Unicode):
(hyperref)                removing `math shift' on input line 13.


Package hyperref Warning: Token not allowed in a PDF string (Unicode):
(hyperref)                removing `\mathrel' on input line 13.


Package hyperref Warning: Token not allowed in a PDF string (Unicode):
(hyperref)                removing `\mathchoice' on input line 13.


Package hyperref Warning: Token not allowed in a PDF string (Unicode):
(hyperref)                removing `\lower' on input line 13.


Package hyperref Warning: Token not allowed in a PDF string (Unicode):
(hyperref)                removing `\p@' on input line 13.


Package hyperref Warning: Token not allowed in a PDF string (Unicode):
(hyperref)                removing `\vbox' on input line 13.


Package hyperref Warning: Token not allowed in a PDF string (Unicode):
(hyperref)                removing `\lineskiplimit' on input line 13.


Package hyperref Warning: Token not allowed in a PDF string (Unicode):
(hyperref)                removing `\maxdimen' on input line 13.


Package hyperref Warning: Token not allowed in a PDF string (Unicode):
(hyperref)                removing `\lineskip' on input line 13.


Package hyperref Warning: Token not allowed in a PDF string (Unicode):
(hyperref)                removing `\p@' on input line 13.


Package hyperref Warning: Token not allowed in a PDF string (Unicode):
(hyperref)                removing `\everycr' on input line 13.


Package hyperref Warning: Token not allowed in a PDF string (Unicode):
(hyperref)                removing `\tabskip' on input line 13.


Package hyperref Warning: Token not allowed in a PDF string (Unicode):
(hyperref)                removing `\z@skip' on input line 13.


Package hyperref Warning: Token not allowed in a PDF string (Unicode):
(hyperref)                removing `\halign' on input line 13.


Package hyperref Warning: Token not allowed in a PDF string (Unicode):
(hyperref)                removing `\lower' on input line 13.


Package hyperref Warning: Token not allowed in a PDF string (Unicode):
(hyperref)                removing `\p@' on input line 13.


Package hyperref Warning: Token not allowed in a PDF string (Unicode):
(hyperref)                removing `\vbox' on input line 13.


Package hyperref Warning: Token not allowed in a PDF string (Unicode):
(hyperref)                removing `\lineskiplimit' on input line 13.


Package hyperref Warning: Token not allowed in a PDF string (Unicode):
(hyperref)                removing `\maxdimen' on input line 13.


Package hyperref Warning: Token not allowed in a PDF string (Unicode):
(hyperref)                removing `\lineskip' on input line 13.


Package hyperref Warning: Token not allowed in a PDF string (Unicode):
(hyperref)                removing `\p@' on input line 13.


Package hyperref Warning: Token not allowed in a PDF string (Unicode):
(hyperref)                removing `\everycr' on input line 13.


Package hyperref Warning: Token not allowed in a PDF string (Unicode):
(hyperref)                removing `\tabskip' on input line 13.


Package hyperref Warning: Token not allowed in a PDF string (Unicode):
(hyperref)                removing `\z@skip' on input line 13.


Package hyperref Warning: Token not allowed in a PDF string (Unicode):
(hyperref)                removing `\halign' on input line 13.


Package hyperref Warning: Token not allowed in a PDF string (Unicode):
(hyperref)                removing `\lower' on input line 13.


Package hyperref Warning: Token not allowed in a PDF string (Unicode):
(hyperref)                removing `\p@' on input line 13.


Package hyperref Warning: Token not allowed in a PDF string (Unicode):
(hyperref)                removing `\vbox' on input line 13.


Package hyperref Warning: Token not allowed in a PDF string (Unicode):
(hyperref)                removing `\lineskiplimit' on input line 13.


Package hyperref Warning: Token not allowed in a PDF string (Unicode):
(hyperref)                removing `\maxdimen' on input line 13.


Package hyperref Warning: Token not allowed in a PDF string (Unicode):
(hyperref)                removing `\lineskip' on input line 13.


Package hyperref Warning: Token not allowed in a PDF string (Unicode):
(hyperref)                removing `\p@' on input line 13.


Package hyperref Warning: Token not allowed in a PDF string (Unicode):
(hyperref)                removing `\everycr' on input line 13.


Package hyperref Warning: Token not allowed in a PDF string (Unicode):
(hyperref)                removing `\tabskip' on input line 13.


Package hyperref Warning: Token not allowed in a PDF string (Unicode):
(hyperref)                removing `\z@skip' on input line 13.


Package hyperref Warning: Token not allowed in a PDF string (Unicode):
(hyperref)                removing `\halign' on input line 13.


Package hyperref Warning: Token not allowed in a PDF string (Unicode):
(hyperref)                removing `\lower' on input line 13.


Package hyperref Warning: Token not allowed in a PDF string (Unicode):
(hyperref)                removing `\p@' on input line 13.


Package hyperref Warning: Token not allowed in a PDF string (Unicode):
(hyperref)                removing `\vbox' on input line 13.


Package hyperref Warning: Token not allowed in a PDF string (Unicode):
(hyperref)                removing `\lineskiplimit' on input line 13.


Package hyperref Warning: Token not allowed in a PDF string (Unicode):
(hyperref)                removing `\maxdimen' on input line 13.


Package hyperref Warning: Token not allowed in a PDF string (Unicode):
(hyperref)                removing `\lineskip' on input line 13.


Package hyperref Warning: Token not allowed in a PDF string (Unicode):
(hyperref)                removing `\p@' on input line 13.


Package hyperref Warning: Token not allowed in a PDF string (Unicode):
(hyperref)                removing `\everycr' on input line 13.


Package hyperref Warning: Token not allowed in a PDF string (Unicode):
(hyperref)                removing `\tabskip' on input line 13.


Package hyperref Warning: Token not allowed in a PDF string (Unicode):
(hyperref)                removing `\z@skip' on input line 13.


Package hyperref Warning: Token not allowed in a PDF string (Unicode):
(hyperref)                removing `\halign' on input line 13.


Package hyperref Warning: Token not allowed in a PDF string (Unicode):
(hyperref)                removing `subscript' on input line 13.


Package hyperref Warning: Token not allowed in a PDF string (Unicode):
(hyperref)                removing `math shift' on input line 13.

Package hyperref Info: bookmark level for unknown proof defaults to 0 on input 
line 40.
Package hyperref Info: bookmark level for unknown remark defaults to 0 on input
 line 54.
[5



]

Package hyperref Warning: Token not allowed in a PDF string (Unicode):
(hyperref)                removing `math shift' on input line 68.


Package hyperref Warning: Token not allowed in a PDF string (Unicode):
(hyperref)                removing `superscript' on input line 68.


Package hyperref Warning: Token not allowed in a PDF string (Unicode):
(hyperref)                removing `\uparrow' on input line 68.


Package hyperref Warning: Token not allowed in a PDF string (Unicode):
(hyperref)                removing `\mathrel' on input line 68.


Package hyperref Warning: Token not allowed in a PDF string (Unicode):
(hyperref)                removing `\mathchoice' on input line 68.


Package hyperref Warning: Token not allowed in a PDF string (Unicode):
(hyperref)                removing `\lower' on input line 68.


Package hyperref Warning: Token not allowed in a PDF string (Unicode):
(hyperref)                removing `\p@' on input line 68.


Package hyperref Warning: Token not allowed in a PDF string (Unicode):
(hyperref)                removing `\vbox' on input line 68.


Package hyperref Warning: Token not allowed in a PDF string (Unicode):
(hyperref)                removing `\lineskiplimit' on input line 68.


Package hyperref Warning: Token not allowed in a PDF string (Unicode):
(hyperref)                removing `\maxdimen' on input line 68.


Package hyperref Warning: Token not allowed in a PDF string (Unicode):
(hyperref)                removing `\lineskip' on input line 68.


Package hyperref Warning: Token not allowed in a PDF string (Unicode):
(hyperref)                removing `\p@' on input line 68.


Package hyperref Warning: Token not allowed in a PDF string (Unicode):
(hyperref)                removing `\everycr' on input line 68.


Package hyperref Warning: Token not allowed in a PDF string (Unicode):
(hyperref)                removing `\tabskip' on input line 68.


Package hyperref Warning: Token not allowed in a PDF string (Unicode):
(hyperref)                removing `\z@skip' on input line 68.


Package hyperref Warning: Token not allowed in a PDF string (Unicode):
(hyperref)                removing `\halign' on input line 68.


Package hyperref Warning: Token not allowed in a PDF string (Unicode):
(hyperref)                removing `\lower' on input line 68.


Package hyperref Warning: Token not allowed in a PDF string (Unicode):
(hyperref)                removing `\p@' on input line 68.


Package hyperref Warning: Token not allowed in a PDF string (Unicode):
(hyperref)                removing `\vbox' on input line 68.


Package hyperref Warning: Token not allowed in a PDF string (Unicode):
(hyperref)                removing `\lineskiplimit' on input line 68.


Package hyperref Warning: Token not allowed in a PDF string (Unicode):
(hyperref)                removing `\maxdimen' on input line 68.


Package hyperref Warning: Token not allowed in a PDF string (Unicode):
(hyperref)                removing `\lineskip' on input line 68.


Package hyperref Warning: Token not allowed in a PDF string (Unicode):
(hyperref)                removing `\p@' on input line 68.


Package hyperref Warning: Token not allowed in a PDF string (Unicode):
(hyperref)                removing `\everycr' on input line 68.


Package hyperref Warning: Token not allowed in a PDF string (Unicode):
(hyperref)                removing `\tabskip' on input line 68.


Package hyperref Warning: Token not allowed in a PDF string (Unicode):
(hyperref)                removing `\z@skip' on input line 68.


Package hyperref Warning: Token not allowed in a PDF string (Unicode):
(hyperref)                removing `\halign' on input line 68.


Package hyperref Warning: Token not allowed in a PDF string (Unicode):
(hyperref)                removing `\lower' on input line 68.


Package hyperref Warning: Token not allowed in a PDF string (Unicode):
(hyperref)                removing `\p@' on input line 68.


Package hyperref Warning: Token not allowed in a PDF string (Unicode):
(hyperref)                removing `\vbox' on input line 68.


Package hyperref Warning: Token not allowed in a PDF string (Unicode):
(hyperref)                removing `\lineskiplimit' on input line 68.


Package hyperref Warning: Token not allowed in a PDF string (Unicode):
(hyperref)                removing `\maxdimen' on input line 68.


Package hyperref Warning: Token not allowed in a PDF string (Unicode):
(hyperref)                removing `\lineskip' on input line 68.


Package hyperref Warning: Token not allowed in a PDF string (Unicode):
(hyperref)                removing `\p@' on input line 68.


Package hyperref Warning: Token not allowed in a PDF string (Unicode):
(hyperref)                removing `\everycr' on input line 68.


Package hyperref Warning: Token not allowed in a PDF string (Unicode):
(hyperref)                removing `\tabskip' on input line 68.


Package hyperref Warning: Token not allowed in a PDF string (Unicode):
(hyperref)                removing `\z@skip' on input line 68.


Package hyperref Warning: Token not allowed in a PDF string (Unicode):
(hyperref)                removing `\halign' on input line 68.


Package hyperref Warning: Token not allowed in a PDF string (Unicode):
(hyperref)                removing `\lower' on input line 68.


Package hyperref Warning: Token not allowed in a PDF string (Unicode):
(hyperref)                removing `\p@' on input line 68.


Package hyperref Warning: Token not allowed in a PDF string (Unicode):
(hyperref)                removing `\vbox' on input line 68.


Package hyperref Warning: Token not allowed in a PDF string (Unicode):
(hyperref)                removing `\lineskiplimit' on input line 68.


Package hyperref Warning: Token not allowed in a PDF string (Unicode):
(hyperref)                removing `\maxdimen' on input line 68.


Package hyperref Warning: Token not allowed in a PDF string (Unicode):
(hyperref)                removing `\lineskip' on input line 68.


Package hyperref Warning: Token not allowed in a PDF string (Unicode):
(hyperref)                removing `\p@' on input line 68.


Package hyperref Warning: Token not allowed in a PDF string (Unicode):
(hyperref)                removing `\everycr' on input line 68.


Package hyperref Warning: Token not allowed in a PDF string (Unicode):
(hyperref)                removing `\tabskip' on input line 68.


Package hyperref Warning: Token not allowed in a PDF string (Unicode):
(hyperref)                removing `\z@skip' on input line 68.


Package hyperref Warning: Token not allowed in a PDF string (Unicode):
(hyperref)                removing `\halign' on input line 68.


Package hyperref Warning: Token not allowed in a PDF string (Unicode):
(hyperref)                removing `subscript' on input line 68.


Package hyperref Warning: Token not allowed in a PDF string (Unicode):
(hyperref)                removing `math shift' on input line 68.

Package hyperref Info: bookmark level for unknown lemma defaults to 0 on input 
line 69.
[6]

Package hyperref Warning: Token not allowed in a PDF string (Unicode):
(hyperref)                removing `math shift' on input line 125.


Package hyperref Warning: Token not allowed in a PDF string (Unicode):
(hyperref)                removing `superscript' on input line 125.


Package hyperref Warning: Token not allowed in a PDF string (Unicode):
(hyperref)                removing `\uparrow' on input line 125.


Package hyperref Warning: Token not allowed in a PDF string (Unicode):
(hyperref)                removing `\mathrel' on input line 125.


Package hyperref Warning: Token not allowed in a PDF string (Unicode):
(hyperref)                removing `\mathchoice' on input line 125.


Package hyperref Warning: Token not allowed in a PDF string (Unicode):
(hyperref)                removing `\lower' on input line 125.


Package hyperref Warning: Token not allowed in a PDF string (Unicode):
(hyperref)                removing `\p@' on input line 125.


Package hyperref Warning: Token not allowed in a PDF string (Unicode):
(hyperref)                removing `\vbox' on input line 125.


Package hyperref Warning: Token not allowed in a PDF string (Unicode):
(hyperref)                removing `\lineskiplimit' on input line 125.


Package hyperref Warning: Token not allowed in a PDF string (Unicode):
(hyperref)                removing `\maxdimen' on input line 125.


Package hyperref Warning: Token not allowed in a PDF string (Unicode):
(hyperref)                removing `\lineskip' on input line 125.


Package hyperref Warning: Token not allowed in a PDF string (Unicode):
(hyperref)                removing `\p@' on input line 125.


Package hyperref Warning: Token not allowed in a PDF string (Unicode):
(hyperref)                removing `\everycr' on input line 125.


Package hyperref Warning: Token not allowed in a PDF string (Unicode):
(hyperref)                removing `\tabskip' on input line 125.


Package hyperref Warning: Token not allowed in a PDF string (Unicode):
(hyperref)                removing `\z@skip' on input line 125.


Package hyperref Warning: Token not allowed in a PDF string (Unicode):
(hyperref)                removing `\halign' on input line 125.


Package hyperref Warning: Token not allowed in a PDF string (Unicode):
(hyperref)                removing `\lower' on input line 125.


Package hyperref Warning: Token not allowed in a PDF string (Unicode):
(hyperref)                removing `\p@' on input line 125.


Package hyperref Warning: Token not allowed in a PDF string (Unicode):
(hyperref)                removing `\vbox' on input line 125.


Package hyperref Warning: Token not allowed in a PDF string (Unicode):
(hyperref)                removing `\lineskiplimit' on input line 125.


Package hyperref Warning: Token not allowed in a PDF string (Unicode):
(hyperref)                removing `\maxdimen' on input line 125.


Package hyperref Warning: Token not allowed in a PDF string (Unicode):
(hyperref)                removing `\lineskip' on input line 125.


Package hyperref Warning: Token not allowed in a PDF string (Unicode):
(hyperref)                removing `\p@' on input line 125.


Package hyperref Warning: Token not allowed in a PDF string (Unicode):
(hyperref)                removing `\everycr' on input line 125.


Package hyperref Warning: Token not allowed in a PDF string (Unicode):
(hyperref)                removing `\tabskip' on input line 125.


Package hyperref Warning: Token not allowed in a PDF string (Unicode):
(hyperref)                removing `\z@skip' on input line 125.


Package hyperref Warning: Token not allowed in a PDF string (Unicode):
(hyperref)                removing `\halign' on input line 125.


Package hyperref Warning: Token not allowed in a PDF string (Unicode):
(hyperref)                removing `\lower' on input line 125.


Package hyperref Warning: Token not allowed in a PDF string (Unicode):
(hyperref)                removing `\p@' on input line 125.


Package hyperref Warning: Token not allowed in a PDF string (Unicode):
(hyperref)                removing `\vbox' on input line 125.


Package hyperref Warning: Token not allowed in a PDF string (Unicode):
(hyperref)                removing `\lineskiplimit' on input line 125.


Package hyperref Warning: Token not allowed in a PDF string (Unicode):
(hyperref)                removing `\maxdimen' on input line 125.


Package hyperref Warning: Token not allowed in a PDF string (Unicode):
(hyperref)                removing `\lineskip' on input line 125.


Package hyperref Warning: Token not allowed in a PDF string (Unicode):
(hyperref)                removing `\p@' on input line 125.


Package hyperref Warning: Token not allowed in a PDF string (Unicode):
(hyperref)                removing `\everycr' on input line 125.


Package hyperref Warning: Token not allowed in a PDF string (Unicode):
(hyperref)                removing `\tabskip' on input line 125.


Package hyperref Warning: Token not allowed in a PDF string (Unicode):
(hyperref)                removing `\z@skip' on input line 125.


Package hyperref Warning: Token not allowed in a PDF string (Unicode):
(hyperref)                removing `\halign' on input line 125.


Package hyperref Warning: Token not allowed in a PDF string (Unicode):
(hyperref)                removing `\lower' on input line 125.


Package hyperref Warning: Token not allowed in a PDF string (Unicode):
(hyperref)                removing `\p@' on input line 125.


Package hyperref Warning: Token not allowed in a PDF string (Unicode):
(hyperref)                removing `\vbox' on input line 125.


Package hyperref Warning: Token not allowed in a PDF string (Unicode):
(hyperref)                removing `\lineskiplimit' on input line 125.


Package hyperref Warning: Token not allowed in a PDF string (Unicode):
(hyperref)                removing `\maxdimen' on input line 125.


Package hyperref Warning: Token not allowed in a PDF string (Unicode):
(hyperref)                removing `\lineskip' on input line 125.


Package hyperref Warning: Token not allowed in a PDF string (Unicode):
(hyperref)                removing `\p@' on input line 125.


Package hyperref Warning: Token not allowed in a PDF string (Unicode):
(hyperref)                removing `\everycr' on input line 125.


Package hyperref Warning: Token not allowed in a PDF string (Unicode):
(hyperref)                removing `\tabskip' on input line 125.


Package hyperref Warning: Token not allowed in a PDF string (Unicode):
(hyperref)                removing `\z@skip' on input line 125.


Package hyperref Warning: Token not allowed in a PDF string (Unicode):
(hyperref)                removing `\halign' on input line 125.


Package hyperref Warning: Token not allowed in a PDF string (Unicode):
(hyperref)                removing `subscript' on input line 125.


Package hyperref Warning: Token not allowed in a PDF string (Unicode):
(hyperref)                removing `math shift' on input line 125.


Overfull \hbox (36.18565pt too wide) in paragraph at lines 126--129
[]\TU/SimSun(0)/m/n/10              |          |    
      $\OML/lmm/m/it/10 SL\OT1/lmr/m/n/10 (2\OML/lmm/m/it/10 ; \U/msb/m/n
/10 C\OT1/lmr/m/n/10 )$$\OML/lmm/m/it/10 SL\OT1/lmr/m/n/10 (2\OML/lmm/m/it/10 ;
 \U/msb/m/n/10 C\OT1/lmr/m/n/10 )$
 []


Overfull \hbox (7.77762pt too wide) detected at line 160
[][]
 []

Package hyperref Info: bookmark level for unknown example defaults to 0 on inpu
t line 164.

Package tcolorbox Warning: Discard zero height first box part due to break prob
lems (possible loss of zero height content) on input line 188.

[7]
Underfull \hbox (badness 10000) in paragraph at lines 208--209

 []

[8] [9])

LaTeX Warning: Marginpar on page 10 moved.

[10]
\openout2 = `texfiles/part3.aux'.

 (./texfiles/part3.tex
Package marginnote Info: Margin note 15.1 is on absolute page 15 on input line 
1.
Package marginnote Info: right page because not two side mode on input line 1.
Package marginnote Info: xpos seems to be 67.57281pt on input line 1.

Underfull \hbox (badness 10000) in paragraph at lines 64--72

 []

[11



]

LaTeX Warning: Marginpar on page 12 moved.


Overfull \hbox (5.39442pt too wide) in paragraph at lines 109--111
\TU/SimSun(0)/m/n/10                       |      
        [][]\T1/lmr/m/n/10 10.1[][]\TU/SimSun(0)/m/n/10 | 
 []

[12]

LaTeX Warning: Command \' invalid in math mode on input line 112.

Missing character: There is no  ("E9) in font lmmi10!

Package hyperref Warning: Token not allowed in a PDF string (Unicode):
(hyperref)                removing `math shift' on input line 122.


Package hyperref Warning: Token not allowed in a PDF string (Unicode):
(hyperref)                removing `math shift' on input line 122.

! Missing { inserted.
<to be read again> 
                   \begingroup 
l.141 ^^I^^I\partial^\u
                       \partial_\mu\xi_\rho=\frac{2-d}{2}\partial_\rho\omega
A left brace was mandatory here, so I've put one in.
You might want to delete and/or insert some corrections
so that I will find a matching right brace soon.
(If you're confused by all this, try typing `I}' now.)


LaTeX Warning: Command \u invalid in math mode on input line 141.

! Missing $ inserted.
<inserted text> 
                $
l.141 ^^I^^I\partial^\u\partial
                               _\mu\xi_\rho=\frac{2-d}{2}\partial_\rho\omega
I've inserted a begin-math/end-math symbol since I think
you left one out. Proceed, with fingers crossed.

! Improper \spacefactor.
<recently read> \spacefactor 
                             
l.141 ^^I^^I\partial^\u\partial
                               _\mu\xi_\rho=\frac{2-d}{2}\partial_\rho\omega
You can refer to \spacefactor only in horizontal mode;
you can refer to \prevdepth only in vertical mode; and
neither of these is meaningful inside \write. So
I'm forgetting what you said and using zero instead.

! Extra }, or forgotten $.
\add@accent ... \accent@spacefactor \spacefactor }
                                                  \let \maybe@load@fontshape...
l.141 ^^I^^I\partial^\u\partial
                               _\mu\xi_\rho=\frac{2-d}{2}\partial_\rho\omega
I've deleted a group-closing symbol because it seems to be
spurious, as in `$x}$'. But perhaps the } is legitimate and
you forgot something else, as in `\hbox{$x}'. In such cases
the way to recover is to insert both the forgotten and the
deleted material, e.g., by typing `I$}'.

! Please use \mathaccent for accents in math mode.
\add@accent ... \let \ignorespaces \relax \accent 
                                                  #1 #2\egroup \spacefactor ...
l.141 ^^I^^I\partial^\u\partial
                               _\mu\xi_\rho=\frac{2-d}{2}\partial_\rho\omega
I'm changing \accent to \mathaccent here; wish me luck.
(Accents are not the same in formulas as they are in text.)

! Extra }, or forgotten $.
\add@accent ...spaces \relax \accent #1 #2\egroup 
                                                  \spacefactor \accent@space...
l.141 ^^I^^I\partial^\u\partial
                               _\mu\xi_\rho=\frac{2-d}{2}\partial_\rho\omega
I've deleted a group-closing symbol because it seems to be
spurious, as in `$x}$'. But perhaps the } is legitimate and
you forgot something else, as in `\hbox{$x}'. In such cases
the way to recover is to insert both the forgotten and the
deleted material, e.g., by typing `I$}'.

! You can't use `\spacefactor' in math mode.
\add@accent ... \accent #1 #2\egroup \spacefactor 
                                                  \accent@spacefactor 
l.141 ^^I^^I\partial^\u\partial
                               _\mu\xi_\rho=\frac{2-d}{2}\partial_\rho\omega
Sorry, but I'm not programmed to handle this case;
I'll just pretend that you didn't ask for it.
If you're in the wrong mode, you might be able to
return to the right one by typing `I}' or `I$' or `I\par'.

! You can't use `\eqno' in math mode.
\endmathdisplay@a ...\df@tag \@empty \else \veqno 
                                                  \alt@tag \df@tag \fi \ifx ...
l.142 ^^I\end{equation}
                       
Sorry, but I'm not programmed to handle this case;
I'll just pretend that you didn't ask for it.
If you're in the wrong mode, you might be able to
return to the right one by typing `I}' or `I$' or `I\par'.

! Missing $ inserted.
<inserted text> 
                $
l.142 ^^I\end{equation}
                       
I've inserted something that you may have forgotten.
(See the <inserted text> above.)
With luck, this will get me unwedged. But if you
really didn't forget anything, try typing `2' now; then
my insertion and my current dilemma will both disappear.

! Missing } inserted.
<inserted text> 
                }
l.142 ^^I\end{equation}
                       
I've inserted something that you may have forgotten.
(See the <inserted text> above.)
With luck, this will get me unwedged. But if you
really didn't forget anything, try typing `2' now; then
my insertion and my current dilemma will both disappear.

! Missing } inserted.
<inserted text> 
                }
l.142 ^^I\end{equation}
                       
I've inserted something that you may have forgotten.
(See the <inserted text> above.)
With luck, this will get me unwedged. But if you
really didn't forget anything, try typing `2' now; then
my insertion and my current dilemma will both disappear.

! Missing } inserted.
<inserted text> 
                }
l.142 ^^I\end{equation}
                       
I've inserted something that you may have forgotten.
(See the <inserted text> above.)
With luck, this will get me unwedged. But if you
really didn't forget anything, try typing `2' now; then
my insertion and my current dilemma will both disappear.

! Missing $ inserted.
<inserted text> 
                $
l.142 ^^I\end{equation}
                       
I've inserted something that you may have forgotten.
(See the <inserted text> above.)
With luck, this will get me unwedged. But if you
really didn't forget anything, try typing `2' now; then
my insertion and my current dilemma will both disappear.

! Display math should end with $$.
<to be read again> 
                   \endgroup 
l.142 ^^I\end{equation}
                       
The `$' that I just saw supposedly matches a previous `$$'.
So I shall assume that you typed `$$' both times.


LaTeX Warning: Reference `11.10' on page 13 undefined on input line 143.

[13]
! Missing $ inserted.
<inserted text> 
                $
l.213 ^^I^^I}
             
I've inserted a begin-math/end-math symbol since I think
you left one out. Proceed, with fingers crossed.

! Extra }, or forgotten $.
<recently read> }
                 
l.213 ^^I^^I}
             
I've deleted a group-closing symbol because it seems to be
spurious, as in `$x}$'. But perhaps the } is legitimate and
you forgot something else, as in `\hbox{$x}'. In such cases
the way to recover is to insert both the forgotten and the
deleted material, e.g., by typing `I$}'.

! Missing $ inserted.
<inserted text> 
                $
l.213 ^^I^^I}
             
I've inserted a begin-math/end-math symbol since I think
you left one out. Proceed, with fingers crossed.

! Missing } inserted.
<inserted text> 
                }
l.213 ^^I^^I}
             
I've inserted something that you may have forgotten.
(See the <inserted text> above.)
With luck, this will get me unwedged. But if you
really didn't forget anything, try typing `2' now; then
my insertion and my current dilemma will both disappear.

[14]

Package hyperref Warning: Token not allowed in a PDF string (Unicode):
(hyperref)                removing `math shift' on input line 242.


Package hyperref Warning: Token not allowed in a PDF string (Unicode):
(hyperref)                removing `math shift' on input line 242.

[15]
! Missing { inserted.
<to be read again> 
                   ^
l.254 ^^I^^I^^Ig_z\mapsto g^'
                             _z&=dz^\prime d{\bar z}^\prime\\
A left brace was mandatory here, so I've put one in.
You might want to delete and/or insert some corrections
so that I will find a matching right brace soon.
(If you're confused by all this, try typing `I}' now.)

! Missing } inserted.
<inserted text> 
                }
l.254 ^^I^^I^^Ig_z\mapsto g^'_z&
                                =dz^\prime d{\bar z}^\prime\\
I've put in what seems to be necessary to fix
the current column of the current alignment.
Try to go on, since this might almost work.

[16]
Overfull \hbox (24.2978pt too wide) detected at line 342
[][]
 []

[17]) [18]
\openout2 = `texfiles/part4.aux'.

 (./texfiles/part4.tex
Package marginnote Info: Margin note 23.1 is on absolute page 23 on input line 
1.
Package marginnote Info: right page because not two side mode on input line 1.
Package marginnote Info: xpos seems to be 67.57281pt on input line 1.

Overfull \hbox (4.55725pt too wide) in paragraph at lines 58--59
 [] 
 []

[19



] Penrose diagram (radius r)
Missing character: There is no ; ("3B) in font nullfont!
Missing character: There is no ; ("3B) in font nullfont!
Making world lines...
 Running i/N=1/4, c=0.2, tan(90*0.2)=0.32489...
 Running i/N=2/4, c=0.4, tan(90*0.4)=0.72649...
 Running i/N=3/4, c=0.59999, tan(90*0.59999)=1.37648...
 Running i/N=4/4, c=0.79999, tan(90*0.79999)=3.07764...
Missing character: There is no ; ("3B) in font nullfont!
Missing character: There is no ; ("3B) in font nullfont!
File: figs/cover.pdf Graphic file (type pdf)
<use figs/cover.pdf>
[20]
File: figs/fig1.pdf Graphic file (type pdf)
<use figs/fig1.pdf>
 [21] [22]
File: figs/fig2.pdf Graphic file (type pdf)
<use figs/fig2.pdf>
 [23]
! Double superscript.
l.320 ...ma_{AB}$0$C_{AB}$$C_{zz}^C^
                                                  {zz}=C_{\bar z\bar z}C^{\b...
I treat `x^1^2' essentially like `x^1{}^2'.

[24]) [25] (./main.bbl
LaTeX Font Info:    External font `lmex10' loaded for size
(Font)              <9> on input line 50.
 [26


]) [27] (./main.aux (./texfiles/part1.aux)
(./texfiles/part2.aux) (./texfiles/part3.aux) (./texfiles/part4.aux))

LaTeX Font Warning: Some font shapes were not available, defaults substituted.


LaTeX Warning: There were undefined references.

Package rerunfilecheck Info: File `main.out' has not changed.
(rerunfilecheck)             Checksum: 6F2EAA55162D9B72FDA70A5C36B7876D;5200.
 ) 
Here is how much of TeX's memory you used:
 41456 strings out of 476533
 920189 string characters out of 5818886
 1465010 words of memory out of 5000000
 60982 multiletter control sequences out of 15000+600000
 599220 words of font info for 203 fonts, out of 8000000 for 9000
 1348 hyphenation exceptions out of 8191
 116i,19n,122p,1234b,1213s stack positions out of 5000i,500n,10000p,200000b,80000s

Output written on main.pdf (30 pages).
