\BOOKMARK [0][-]{part.1}{\376\377\173\054\116\000\220\350\122\006\000\040\000A\000\040\000q\000u\000i\000c\000k\000\040\000r\000e\000v\000i\000e\000w\000\040\000o\000n\000\040\000S\000R\000\040\000\046\000\040\000G\000R}{}% 1
\BOOKMARK [1][-]{section.1}{\376\377\000B\000a\000s\000i\000c\000s\000\040\000c\000o\000n\000c\000e\000p\000t\000i\000o\000n\000s\000\040\000a\000b\000o\000u\000t\000\040\000s\000p\000a\000c\000e\000t\000i\000m\000e}{part.1}% 2
\BOOKMARK [1][-]{section.2}{\376\377\000P\000o\000i\000n\000c\000a\000r\000\351\000e\003\001\000\040\000g\000r\000o\000u\000p\000\040\000a\000n\000d\000\040\000L\000o\000r\000e\000n\000t\000z\000\040\000g\000r\000o\000u\000p}{part.1}% 3
\BOOKMARK [2][-]{subsection.2.1}{\376\377\000P\000o\000i\000n\000c\000a\000r\000\351\000e\003\001\000\040\000a\000l\000g\000e\000b\000r\000a}{section.2}% 4
\BOOKMARK [1][-]{section.3}{\376\377\000B\000o\000o\000s\000t\000\040\000a\000n\000d\000\040\000R\000a\000p\000i\000d\000i\000t\000y}{part.1}% 5
\BOOKMARK [1][-]{section.4}{\376\377\000C\000o\000n\000n\000e\000c\000t\000e\000d\000\040\000c\000o\000m\000p\000o\000n\000e\000n\000t\000s\000\040\000o\000f\000\040\000L\000o\000r\000e\000n\000t\000z\000\040\000g\000r\000o\000u\000p}{part.1}% 6
\BOOKMARK [1][-]{section.5}{\376\377\000P\000o\000i\000n\000c\000a\000r\000\351\000e\003\001\000\040\000g\000r\000o\000u\000p\000\040\000a\000n\000d\000\040\000p\000a\000r\000t\000i\000c\000l\000e\000s}{part.1}% 7
\BOOKMARK [0][-]{part.2}{\376\377\173\054\116\214\220\350\122\006\000\040\000L\000o\000r\000e\000n\000t\000z\000\040\000g\000r\000o\000u\000p\000\040\000\046\000\040\000s\000p\000e\000c\000i\000a\000l\000\040\000l\000i\000n\000e\000a\000r\000\040\000g\000r\000o\000u\000p\000s}{}% 8
\BOOKMARK [1][-]{section.6}{\376\377\000S\000O\000\050\0003\000\051\000.\0005\000-\000.\0005\000.\0005\000-\000.\0005\000.\0005\000-\000.\0005\000.\0005\000-\000.\0005\000S\000U\000\050\0002\000\051\000/\000Z\0002}{part.2}% 9
\BOOKMARK [1][-]{section.7}{\376\377\000S\000O\000\050\0002\000,\0001\000\051\000.\0005\000-\000.\0005\000.\0005\000-\000.\0005\000.\0005\000-\000.\0005\000.\0005\000-\000.\0005\000S\000L\000\050\0002\000,\000R\000\051\000/\000Z\0002}{part.2}% 10
\BOOKMARK [1][-]{section.8}{\376\377\000S\000O\000\050\0003\000,\0001\000\051\000.\0005\000-\000.\0005\000.\0005\000-\000.\0005\000.\0005\000-\000.\0005\000.\0005\000-\000.\0005\000S\000L\000\050\0002\000,\000C\000\051\000/\000Z\0002}{part.2}% 11
\BOOKMARK [1][-]{section.9}{\376\377\000H\000i\000g\000h\000e\000r\000\040\000d\000i\000m\000e\000n\000s\000i\000o\000n\000s}{part.2}% 12
\BOOKMARK [0][-]{part.3}{\376\377\173\054\116\011\220\350\122\006\000\040\000C\000o\000n\000f\000o\000r\000m\000a\000l\000\040\000t\000r\000a\000n\000s\000f\000o\000r\000m\000a\000t\000i\000o\000n\000s}{}% 13
\BOOKMARK [1][-]{section.10}{\376\377\000P\000u\000l\000l\000\040\000b\000a\000c\000k\000,\000\040\000p\000u\000s\000h\000\040\000f\000o\000r\000w\000a\000r\000d\000\040\000\046\000\040\000L\000i\000e\000\040\000d\000e\000r\000i\000v\000a\000t\000i\000v\000e}{part.3}% 14
\BOOKMARK [1][-]{section.11}{\376\377\000K\000i\000l\000l\000i\000n\000g\000\040\000\046\000\040\000C\000o\000n\000f\000o\000r\000m\000a\000l\000\040\000K\000i\000l\000l\000i\000n\000g\000\040\000v\000e\000c\000t\000o\000r\000\040\000f\000i\000e\000l\000d}{part.3}% 15
\BOOKMARK [1][-]{section.12}{\376\377\000C\000o\000n\000f\000o\000r\000m\000a\000l\000\040\000t\000r\000a\000n\000s\000f\000o\000r\000m\000a\000t\000i\000o\000n\000s\000\040\000i\000n\000\040\000d\000>\0002}{part.3}% 16
\BOOKMARK [1][-]{section.13}{\376\377\000C\000o\000n\000f\000o\000r\000m\000a\000l\000\040\000t\000r\000a\000n\000s\000f\000o\000r\000m\000a\000t\000i\000o\000n\000s\000\040\000i\000n\000\040\000d\000=\0002}{part.3}% 17
\BOOKMARK [2][-]{subsection.13.1}{\376\377\000E\000m\000b\000e\000d\000d\000i\000n\000g\000\040\000f\000o\000r\000m\000a\000l\000i\000s\000m}{section.13}% 18
\BOOKMARK [1][-]{section.14}{\376\377\000C\000o\000n\000f\000o\000r\000m\000a\000l\000\040\000t\000r\000a\000n\000s\000f\000o\000r\000m\000a\000t\000i\000o\000n\000s\000\040\000o\000n\000\040\000t\000h\000e\000\040\000R\000i\000e\000m\000a\000n\000n\000\040\000s\000p\000h\000e\000r\000e}{part.3}% 19
\BOOKMARK [0][-]{part.4}{\376\377\173\054\126\333\220\350\122\006\000\040\000C\000e\000l\000e\000s\000t\000i\000a\000l\000\040\000S\000p\000h\000e\000r\000e\000\040\000\046\000\040\000A\000s\000y\000m\000p\000t\000o\000t\000i\000c\000\040\000F\000l\000a\000t\000\040\000S\000p\000a\000c\000e\000t\000i\000m\000e}{}% 20
\BOOKMARK [1][-]{section.15}{\376\377\000C\000a\000r\000t\000e\000r\000-\000P\000e\000n\000r\000o\000s\000e\000\040\000d\000i\000a\000g\000r\000a\000m}{part.4}% 21
\BOOKMARK [1][-]{section.16}{\376\377\000C\000e\000l\000e\000s\000t\000i\000a\000l\000\040\000S\000p\000h\000e\000r\000e}{part.4}% 22
\BOOKMARK [1][-]{section.17}{\376\377\000A\000s\000y\000m\000p\000t\000o\000t\000i\000c\000\040\000f\000l\000a\000t\000\040\000s\000p\000a\000c\000e\000t\000i\000m\000e\000:\000\040\000b\000a\000s\000i\000c\000\040\000c\000o\000n\000c\000e\000p\000t\000s}{part.4}% 23
\BOOKMARK [1][-]{section.18}{\376\377\000A\000s\000y\000m\000p\000t\000o\000t\000i\000c\000\040\000f\000l\000a\000t\000\040\000s\000p\000a\000c\000e\000t\000i\000m\000e\000:\000\040\000B\000M\000S\000\040\000g\000r\000o\000u\000p}{part.4}% 24
\BOOKMARK [1][-]{section.19}{\376\377\000A\000s\000y\000m\000p\000t\000o\000t\000i\000c\000\040\000f\000l\000a\000t\000\040\000s\000p\000a\000c\000e\000t\000i\000m\000e\000:\000\040\000c\000h\000a\000r\000g\000e\000s}{part.4}% 25
\BOOKMARK [2][-]{subsection.19.1}{\376\377\000N\000o\000e\000t\000h\000e\000r\000\040\000t\000h\000e\000o\000r\000e\000m}{section.19}% 26
\BOOKMARK [2][-]{subsection.19.2}{\376\377\000K\000o\000m\000a\000r\000\040\000I\000n\000t\000e\000g\000r\000a\000l\000\040\000\046\000\040\000A\000D\000M}{section.19}% 27
\BOOKMARK [2][-]{subsection.19.3}{\376\377\000S\000c\000a\000t\000t\000e\000r\000i\000n\000g\000\040\000p\000r\000o\000b\000l\000e\000m}{section.19}% 28
\BOOKMARK [2][-]{subsection.19.4}{\376\377\000B\000M\000S\000\040\000c\000h\000a\000r\000g\000e\000s}{section.19}% 29
\BOOKMARK [0][-]{part.5}{\376\377\173\054\116\224\220\350\122\006\000\040\000S\000o\000f\000t\000\040\000T\000h\000e\000o\000r\000e\000m}{}% 30
\BOOKMARK [1][-]{section.20}{\376\377\000R\000e\000v\000i\000e\000w\000\040\000o\000n\000\040\000t\000h\000e\000\040\000q\000u\000a\000n\000t\000i\000z\000a\000t\000i\000o\000n\000\040\000o\000f\000\040\000g\000r\000a\000v\000i\000t\000y}{part.5}% 31
\BOOKMARK [1][-]{section.21}{\376\377\000S\000o\000f\000t\000\040\000t\000h\000e\000o\000r\000e\000m\000\040\000f\000r\000o\000m\000\040\000f\000e\000y\000n\000m\000a\000n\000\040\000d\000i\000a\000g\000r\000a\000m\000s}{part.5}% 32
\BOOKMARK [1][-]{section.22}{\376\377\000S\000u\000b\000l\000e\000a\000d\000i\000n\000g\000\040\000a\000n\000d\000\040\000s\000u\000b\000s\000u\000b\000l\000e\000a\000d\000i\000n\000g\000\040\000o\000r\000d\000e\000r\000\040\000s\000o\000f\000t\000\040\000t\000h\000e\000o\000r\000e\000m}{part.5}% 33
\BOOKMARK [1][-]{section.23}{\376\377\000I\000n\000f\000r\000a\000r\000e\000d\000\040\000d\000i\000v\000e\000r\000g\000e\000n\000c\000e}{part.5}% 34
\BOOKMARK [1][-]{section.24}{\376\377\000M\000a\000s\000s\000l\000e\000s\000s\000\040\000Q\000E\000D}{part.5}% 35
\BOOKMARK [2][-]{subsection.24.1}{\376\377\000C\000l\000a\000s\000s\000i\000c\000a\000l}{section.24}% 36
\BOOKMARK [2][-]{subsection.24.2}{\376\377\000Q\000u\000a\000n\000t\000i\000z\000a\000t\000i\000o\000n}{section.24}% 37
\BOOKMARK [2][-]{subsection.24.3}{\376\377\000L\000a\000r\000g\000e\000\040\000g\000u\000a\000g\000e\000\040\000s\000y\000m\000m\000e\000t\000r\000y}{section.24}% 38
\BOOKMARK [1][-]{section.25}{\376\377\000W\000a\000r\000d\000\040\000i\000n\000d\000e\000n\000t\000i\000t\000y\000\040\000=\000\040\000S\000o\000f\000t\000\040\000t\000h\000e\000o\000r\000e\000m}{part.5}% 39
\BOOKMARK [2][-]{subsection.25.1}{\376\377\000W\000a\000r\000d\000\040\000i\000n\000d\000e\000n\000t\000i\000t\000y\000\040\000o\000f\000\040\000S\000-\000M\000a\000t\000r\000i\000x}{section.25}% 40
\BOOKMARK [2][-]{subsection.25.2}{\376\377\000M\000o\000d\000e\000\040\000e\000x\000p\000a\000n\000s\000i\000o\000n}{section.25}% 41
\BOOKMARK [2][-]{subsection.25.3}{\376\377\000S\000o\000f\000t\000\040\000p\000h\000o\000t\000o\000n\000\040\000\046\000\040\000g\000r\000a\000v\000i\000t\000o\000n}{section.25}% 42
\BOOKMARK [2][-]{subsection.25.4}{\376\377\000A\000s\000y\000m\000p\000t\000o\000t\000i\000c\000\040\000a\000n\000a\000l\000y\000s\000i\000s\000\040\000o\000n\000\040\000Q\000E\000D}{section.25}% 43
\BOOKMARK [1][-]{section.26}{\376\377\000S\000p\000o\000n\000t\000a\000n\000e\000o\000u\000s\000\040\000s\000y\000m\000m\000e\000t\000r\000y\000\040\000b\000r\000e\000a\000k\000i\000n\000g}{part.5}% 44
\BOOKMARK [2][-]{subsection.26.1}{\376\377\000I\000n\000\040\000Q\000F\000T}{section.26}% 45
\BOOKMARK [2][-]{subsection.26.2}{\376\377\000O\000n\000\040\000C\000e\000l\000e\000s\000t\000i\000a\000l}{section.26}% 46
\BOOKMARK [1][-]{section.27}{\376\377\000M\000a\000s\000s\000i\000v\000e\000\040\000Q\000E\000D}{part.5}% 47
\BOOKMARK [1][-]{section.28}{\376\377\000F\000u\000r\000t\000h\000e\000r\000\040\000P\000r\000o\000g\000r\000e\000s\000s}{part.5}% 48
\BOOKMARK [2][-]{subsection.28.1}{\376\377\000S\000u\000b\000l\000e\000a\000d\000i\000n\000g\000\040\000o\000r\000d\000e\000r}{section.28}% 49
\BOOKMARK [2][-]{subsection.28.2}{\376\377\000M\000a\000g\000n\000e\000t\000i\000c\000\040\000m\000o\000n\000o\000p\000o\000l\000e}{section.28}% 50
\BOOKMARK [2][-]{subsection.28.3}{\376\377\000N\000o\000n\000-\000A\000b\000e\000l\000i\000a\000n\000\040\000g\000a\000u\000g\000e\000\040\000t\000h\000e\000o\000r\000y}{section.28}% 51
\BOOKMARK [2][-]{subsection.28.4}{\376\377\000H\000i\000g\000h\000e\000r\000\040\000d\000i\000m\000e\000n\000s\000i\000o\000n\000s}{section.28}% 52
\BOOKMARK [2][-]{subsection.28.5}{\376\377\000N\000=\0001\000\040\000S\000u\000p\000e\000r\000\040\000S\000y\000m\000m\000e\000t\000r\000y}{section.28}% 53
\BOOKMARK [0][-]{part.6}{\376\377\173\054\121\155\220\350\122\006\000\040\000A\000\040\000C\000r\000u\000s\000h\000\040\000C\000o\000u\000r\000s\000e\000\040\000o\000n\000\040\000C\000F\000T}{}% 54
\BOOKMARK [1][-]{section.29}{\376\377\000V\000i\000r\000a\000s\000o\000r\000o\000\040\000A\000l\000g\000e\000b\000r\000a}{part.6}% 55
\BOOKMARK [1][-]{section.30}{\376\377\000R\000a\000d\000i\000a\000l\000\040\000Q\000u\000a\000n\000t\000i\000z\000a\000t\000i\000o\000n\000\040\000a\000n\000d\000\040\000H\000i\000l\000b\000e\000r\000t\000\040\000S\000p\000a\000c\000e}{part.6}% 56
\BOOKMARK [2][-]{subsection.30.1}{\376\377\000R\000a\000d\000i\000a\000l\000\040\000Q\000u\000a\000n\000t\000i\000z\000a\000t\000i\000o\000n}{section.30}% 57
\BOOKMARK [2][-]{subsection.30.2}{\376\377\000B\000P\000Z\000\040\000C\000o\000n\000j\000u\000g\000a\000t\000e}{section.30}% 58
\BOOKMARK [1][-]{section.31}{\376\377\000W\000a\000r\000d\000\040\000I\000d\000e\000n\000t\000i\000t\000y\000\040\000a\000n\000d\000\040\000O\000P\000E}{part.6}% 59
\BOOKMARK [2][-]{subsection.31.1}{\376\377\000I\000n\000f\000i\000n\000i\000t\000e\000s\000i\000m\000a\000l\000\040\000C\000o\000n\000f\000o\000r\000m\000a\000l\000\040\000W\000a\000r\000d\000\040\000I\000d\000e\000n\000t\000i\000t\000y}{section.31}% 60
\BOOKMARK [2][-]{subsection.31.2}{\376\377\000O\000p\000e\000r\000a\000t\000o\000r\000\040\000P\000r\000o\000d\000u\000c\000t\000\040\000E\000x\000p\000a\000n\000s\000i\000o\000n}{section.31}% 61
\BOOKMARK [3][-]{subsubsection.31.2.1}{\376\377\000T\000T\000\040\000O\000P\000E}{subsection.31.2}% 62
\BOOKMARK [2][-]{subsection.31.3}{\376\377\000n\000-\000p\000o\000i\000n\000t\000\040\000c\000o\000r\000r\000e\000l\000a\000t\000o\000r\000s\000\040\000\050\000n\000<\0004\000\051}{section.31}% 63
\BOOKMARK [2][-]{subsection.31.4}{\376\377\000G\000e\000n\000e\000r\000a\000l\000\040\000F\000o\000r\000m\000\040\000o\000f\000\040\000t\000h\000e\000\040\000O\000P\000E}{section.31}% 64
\BOOKMARK [3][-]{subsubsection.31.4.1}{\376\377\000C\000u\000r\000r\000e\000n\000t\000\040\000A\000l\000g\000e\000b\000r\000a}{subsection.31.4}% 65
\BOOKMARK [1][-]{section.32}{\376\377\000C\000r\000o\000s\000s\000i\000n\000g\000\040\000S\000y\000m\000m\000e\000t\000r\000y}{part.6}% 66
\BOOKMARK [2][-]{subsection.32.1}{\376\377\000F\000u\000s\000i\000n\000g\000\040\000a\000n\000d\000\040\000B\000r\000a\000i\000d\000i\000n\000g\000\040\000M\000a\000t\000r\000i\000c\000e\000s}{section.32}% 67
\BOOKMARK [1][-]{section.33}{\376\377\000N\000O\000P\000s\000\040\000a\000n\000d\000\040\000C\000o\000n\000f\000o\000r\000m\000a\000l\000\040\000f\000a\000m\000i\000l\000y}{part.6}% 68
\BOOKMARK [2][-]{subsection.33.1}{\376\377\000N\000o\000r\000m\000a\000l\000\040\000O\000r\000d\000e\000r\000e\000d\000\040\000P\000r\000o\000d\000u\000c\000t\000s}{section.33}% 69
\BOOKMARK [2][-]{subsection.33.2}{\376\377\000V\000e\000r\000m\000a\000\040\000m\000o\000d\000u\000l\000e}{section.33}% 70
\BOOKMARK [2][-]{subsection.33.3}{\376\377\000D\000e\000s\000c\000e\000n\000d\000a\000n\000t\000\040\000s\000t\000a\000t\000e\000s}{section.33}% 71
\BOOKMARK [1][-]{section.34}{\376\377\000R\000e\000p\000r\000e\000s\000e\000n\000t\000a\000t\000i\000o\000n\000s\000\040\000o\000f\000\040\000t\000h\000e\000\040\000V\000i\000r\000a\000s\000o\000r\000o\000\040\000A\000l\000g\000e\000b\000r\000a}{part.6}% 72
\BOOKMARK [1][-]{section.35}{\376\377\000F\000r\000e\000e\000\040\000C\000F\000T}{part.6}% 73
\BOOKMARK [2][-]{subsection.35.1}{\376\377\000F\000r\000e\000e\000\040\000B\000o\000s\000o\000n\000s}{section.35}% 74
\BOOKMARK [3][-]{subsubsection.35.1.1}{\376\377\000V\000e\000r\000t\000e\000x\000\040\000O\000p\000e\000r\000a\000t\000o\000r}{subsection.35.1}% 75
\BOOKMARK [3][-]{subsubsection.35.1.2}{\376\377\000C\000o\000m\000p\000a\000c\000t\000i\000f\000i\000e\000d\000\040\000B\000o\000s\000o\000n\000s}{subsection.35.1}% 76
\BOOKMARK [3][-]{subsubsection.35.1.3}{\376\377\000C\000u\000r\000r\000e\000n\000t\000\040\000A\000l\000g\000e\000b\000r\000a\000\040\000R\000e\000a\000l\000i\000z\000a\000t\000i\000o\000n}{subsection.35.1}% 77
\BOOKMARK [2][-]{subsection.35.2}{\376\377\000F\000r\000e\000e\000\040\000F\000e\000r\000m\000i\000o\000n\000s}{section.35}% 78
\BOOKMARK [3][-]{subsubsection.35.2.1}{\376\377\000B\000o\000s\000o\000n\000i\000z\000a\000t\000i\000o\000n}{subsection.35.2}% 79
\BOOKMARK [2][-]{subsection.35.3}{\376\377\000b\000,\000c\000\040\000g\000h\000o\000s\000t}{section.35}% 80
\BOOKMARK [1][-]{section.36}{\376\377\000U\000n\000i\000t\000a\000r\000y\000\040\000R\000e\000p\000r\000e\000s\000e\000n\000t\000a\000t\000i\000o\000n\000s\000\040\000o\000f\000\040\000t\000h\000e\000\040\000V\000i\000r\000a\000s\000o\000r\000o\000\040\000A\000l\000g\000e\000b\000r\000a}{part.6}% 81
\BOOKMARK [2][-]{subsection.36.1}{\376\377\000N\000u\000l\000l\000\040\000S\000t\000a\000t\000e\000s}{section.36}% 82
\BOOKMARK [2][-]{subsection.36.2}{\376\377\000U\000n\000i\000t\000a\000r\000y\000\040\000C\000o\000n\000s\000t\000r\000a\000i\000n\000s}{section.36}% 83
\BOOKMARK [1][-]{section.37}{\376\377\000F\000u\000s\000i\000o\000n\000\040\000R\000u\000l\000e\000s}{part.6}% 84
\BOOKMARK [2][-]{subsection.37.1}{\376\377\000I\000s\000i\000n\000g\000\040\000M\000o\000d\000e\000l}{section.37}% 85
\BOOKMARK [1][-]{section.38}{\376\377\000K\000a\001\015\000c\003\014\040\023\000M\000o\000o\000d\000y\000\040\000S\000y\000m\000m\000e\000t\000r\000y}{part.6}% 86
\BOOKMARK [2][-]{subsection.38.1}{\376\377\000K\000a\001\015\000c\003\014\040\023\000M\000o\000o\000d\000y\000\040\000A\000l\000g\000e\000b\000r\000a\000s}{section.38}% 87
\BOOKMARK [2][-]{subsection.38.2}{\376\377\000S\000u\000g\000a\000w\000a\000r\000a\000\040\000C\000o\000n\000s\000t\000r\000u\000c\000t\000i\000o\000n}{section.38}% 88
\BOOKMARK [2][-]{subsection.38.3}{\376\377\000W\000Z\000N\000W\000\040\000M\000o\000d\000e\000l\000s}{section.38}% 89
\BOOKMARK [3][-]{subsubsection.38.3.1}{\376\377\000N\000o\000n\000l\000i\000n\000e\000a\000r\000\040\000S\000i\000g\000m\000a\000\040\000M\000o\000d\000e\000l\000s}{subsection.38.3}% 90
\BOOKMARK [3][-]{subsubsection.38.3.2}{\376\377\000W\000e\000s\000s\000-\000Z\000u\000m\000i\000n\000o\000-\000N\000o\000v\000i\000k\000o\000v\000-\000W\000i\000t\000t\000e\000n\000\040\000M\000o\000d\000e\000l\000s}{subsection.38.3}% 91
\BOOKMARK [2][-]{subsection.38.4}{\376\377\000K\000n\000i\000z\000h\000n\000i\000k\040\023\000Z\000a\000m\000o\000l\000o\000d\000c\000h\000i\000k\000o\000v\000\040\000E\000q\000u\000a\000t\000i\000o\000n}{section.38}% 92
\BOOKMARK [2][-]{subsection.38.5}{\376\377\000W\000a\000r\000d\000\040\000I\000d\000e\000n\000t\000i\000t\000y\000\040\000f\000o\000r\000\040\000K\000a\001\015\000c\003\014\040\023\000M\000o\000o\000d\000y\000\040\000S\000y\000m\000m\000e\000t\000r\000i\000e\000s}{section.38}% 93
\BOOKMARK [2][-]{subsection.38.6}{\376\377\000K\000a\001\015\000c\003\014\040\023\000M\000o\000o\000d\000y\000\040\000d\000e\000s\000c\000e\000n\000d\000a\000n\000t\000\040\000f\000i\000e\000l\000d\000s}{section.38}% 94
\BOOKMARK [1][-]{section.39}{\376\377\000E\000x\000a\000m\000p\000l\000e\000:\000\040\000H\000i\000g\000h\000e\000s\000t\000\040\000W\000e\000i\000g\000h\000t\000\040\000R\000e\000p\000r\000e\000s\000e\000n\000t\000a\000t\000i\000o\000n\000s\000\040\000o\000f\000\040\0001\0002\000s\000u\000"\0000\0003\0006\0002\0001\0002\000s\000u\000\050\0002\000\051\000k\000\040}{part.6}% 95
\BOOKMARK [2][-]{subsection.39.1}{\376\377\0001\0002\000s\000o\000"\0000\0003\0006\0002\0001\0002\000s\000o\000\050\000N\000\051\0001\000\040\000C\000u\000r\000r\000e\000n\000t\000\040\000A\000l\000g\000e\000b\000r\000a}{section.39}% 96
\BOOKMARK [1][-]{section.40}{\376\377\000C\000o\000s\000e\000t\000\040\000C\000o\000n\000s\000t\000r\000u\000c\000t\000i\000o\000n}{part.6}% 97
\BOOKMARK [2][-]{subsection.40.1}{\376\377\000B\000a\000c\000k\000\040\000t\000o\000\040\000u\000n\000i\000t\000a\000r\000y\000\040\000m\000i\000n\000i\000m\000a\000l\000\040\000m\000o\000d\000e\000l\000s}{section.40}% 98
\BOOKMARK [2][-]{subsection.40.2}{\376\377\000B\000r\000a\000n\000c\000h\000i\000n\000g\000\040\000R\000u\000l\000e\000s}{section.40}% 99
\BOOKMARK [1][-]{section.41}{\376\377\000W\000\040\000A\000l\000g\000e\000b\000r\000a\000s}{part.6}% 100
\BOOKMARK [1][-]{section.42}{\376\377\000L\000i\000o\000u\000v\000i\000l\000l\000e\000\040\000t\000h\000e\000o\000r\000y}{part.6}% 101
\BOOKMARK [0][-]{part.7}{\376\377\173\054\116\003\220\350\122\006\000\040\000O\000n\000-\000S\000h\000e\000l\000l\000\040\000A\000p\000p\000r\000o\000a\000c\000h\000\040\000t\000o\000\040\000\040\000S\000c\000a\000t\000t\000e\000r\000i\000n\000g\000\040\000A\000m\000p\000l\000i\000t\000u\000d\000e\000s}{}% 102
\BOOKMARK [1][-]{section.43}{\376\377\000C\000o\000l\000o\000r\000\040\000D\000e\000c\000o\000m\000p\000o\000s\000i\000t\000i\000o\000n\000\040\000o\000f\000\040\000G\000l\000u\000o\000n\000\040\000A\000m\000p\000l\000i\000t\000u\000d\000e\000s}{part.7}% 103
\BOOKMARK [2][-]{subsection.43.1}{\376\377\000C\000o\000l\000o\000r\000-\000O\000r\000d\000e\000r\000e\000d\000\040\000F\000e\000y\000n\000m\000a\000n\000\040\000R\000u\000l\000e\000s}{section.43}% 104
\BOOKMARK [1][-]{section.44}{\376\377\000s\000p\000i\000n\000o\000r\000\040\000h\000e\000l\000i\000c\000i\000t\000y\000\040\000f\000o\000r\000m\000a\000l\000i\000s\000m}{part.7}% 105
\BOOKMARK [2][-]{subsection.44.1}{\376\377\000L\000i\000t\000t\000l\000e\000\040\000G\000r\000o\000u\000p\000\040\000S\000c\000a\000l\000e}{section.44}% 106
\BOOKMARK [1][-]{section.45}{\376\377\000B\000e\000r\000e\000n\000d\000s\000-\000G\000i\000e\000l\000e\000\040\000C\000u\000r\000r\000e\000n\000t}{part.7}% 107
\BOOKMARK [1][-]{section.46}{\376\377\000B\000C\000F\000W\000\040\000R\000e\000c\000u\000r\000s\000i\000o\000n\000\040\000R\000e\000l\000a\000t\000i\000o\000n\000s}{part.7}% 108
\BOOKMARK [1][-]{section.47}{\376\377\000C\000a\000c\000h\000a\000z\000o\000-\000S\000v\000r\000c\000e\000k\000-\000W\000i\000t\000t\000e\000n\000\040\000R\000u\000l\000e\000s}{part.7}% 109
\BOOKMARK [1][-]{section.48}{\376\377\000C\000H\000Y\000\040\000F\000o\000r\000m\000u\000l\000a}{part.7}% 110
\BOOKMARK [0][-]{part.8}{\376\377\173\054\121\153\220\350\122\006\000\040\000C\000e\000l\000e\000s\000t\000i\000a\000l\000\040\000A\000m\000p\000l\000i\000t\000u\000d\000e\000s\000\040\000\046\000\040\000C\000C\000F\000T}{}% 111
\BOOKMARK [1][-]{section.49}{\376\377\000C\000o\000n\000f\000o\000r\000m\000a\000l\000\040\000b\000a\000s\000i\000s}{part.8}% 112
\BOOKMARK [2][-]{subsection.49.1}{\376\377\000M\000a\000s\000s\000i\000v\000e\000\040\000S\000c\000a\000l\000a\000r}{section.49}% 113
\BOOKMARK [2][-]{subsection.49.2}{\376\377\000M\000a\000s\000s\000l\000e\000s\000s\000\040\000S\000c\000a\000l\000a\000r}{section.49}% 114
\BOOKMARK [2][-]{subsection.49.3}{\376\377\000p\000h\000o\000t\000o\000n\000\040\000\046\000\040\000G\000r\000a\000v\000i\000t\000o\000n}{section.49}% 115
\BOOKMARK [2][-]{subsection.49.4}{\376\377\000R\000e\000s\000t\000r\000i\000c\000t\000\040\000t\000o\000\040\000M\000i\000n\000k\0004}{section.49}% 116
\BOOKMARK [2][-]{subsection.49.5}{\376\377\000C\000o\000n\000f\000o\000r\000m\000a\000l\000l\000y\000\040\000S\000o\000f\000t\000\040\000p\000h\000o\000t\000o\000n\000\040\000\046\000\040\000G\000r\000a\000v\000i\000t\000o\000n}{section.49}% 117
\BOOKMARK [3][-]{subsubsection.49.5.1}{\376\377\000P\000h\000o\000t\000o\000n}{subsection.49.5}% 118
\BOOKMARK [3][-]{subsubsection.49.5.2}{\376\377\000G\000r\000a\000v\000i\000t\000o\000n}{subsection.49.5}% 119
\BOOKMARK [2][-]{subsection.49.6}{\376\377\000M\000a\000s\000s\000i\000v\000e\000\040\000B\000o\000s\000o\000n\000s}{section.49}% 120
\BOOKMARK [3][-]{subsubsection.49.6.1}{\376\377\000P\000o\000l\000y\000n\000o\000m\000i\000a\000l\000\040\000e\000n\000c\000o\000d\000i\000n\000g\000\040\000o\000f\000\040\000s\000y\000m\000m\000e\000t\000r\000i\000c\000\040\000t\000r\000a\000c\000e\000l\000e\000s\000s\000\040\000t\000r\000a\000n\000s\000v\000e\000r\000s\000e\000\040\000t\000e\000n\000s\000o\000r\000s}{subsection.49.6}% 121
\BOOKMARK [3][-]{subsubsection.49.6.2}{\376\377\000C\000o\000n\000f\000o\000r\000m\000a\000l\000\040\000b\000a\000s\000i\000s\000\040\000o\000f\000\040\000m\000a\000s\000s\000i\000v\000e\000\040\000b\000o\000s\000o\000n\000s}{subsection.49.6}% 122
\BOOKMARK [2][-]{subsection.49.7}{\376\377\000F\000e\000r\000m\000i\000o\000n\000s}{section.49}% 123
\BOOKMARK [3][-]{subsubsection.49.7.1}{\376\377\000S\000p\000i\000n\000o\000r\000s\000\040\000i\000n\000\040\000a\000r\000b\000i\000t\000r\000a\000r\000y\000\040\000d\000i\000m\000e\000n\000s\000i\000o\000n\000s}{subsection.49.7}% 124
\BOOKMARK [3][-]{subsubsection.49.7.2}{\376\377\000C\000o\000n\000f\000o\000r\000m\000a\000l\000\040\000b\000a\000s\000i\000s\000\040\000o\000f\000\040\000D\000i\000r\000a\000c\000\040\000s\000p\000i\000n\000o\000r}{subsection.49.7}% 125
\BOOKMARK [2][-]{subsection.49.8}{\376\377\000E\000x\000a\000m\000p\000l\000e\000s}{section.49}% 126
\BOOKMARK [3][-]{subsubsection.49.8.1}{\376\377\000A\000B\000C\000\040\000t\000o\000y\000\040\000m\000o\000d\000e\000l}{subsection.49.8}% 127
\BOOKMARK [3][-]{subsubsection.49.8.2}{\376\377\000G\000l\000u\000o\000n\000s}{subsection.49.8}% 128
\BOOKMARK [1][-]{section.50}{\376\377\000S\000o\000m\000e\000\040\000p\000r\000o\000p\000e\000r\000t\000i\000e\000s\000\040\000o\000f\000\040\000C\000o\000n\000f\000o\000r\000m\000a\000l\000\040\000b\000a\000s\000i\000s}{part.8}% 129
\BOOKMARK [2][-]{subsection.50.1}{\376\377\000K\000e\000r\000r\000-\000S\000c\000h\000i\000l\000d\000\040\000d\000o\000u\000b\000l\000e\000\040\000c\000o\000p\000y}{section.50}% 130
\BOOKMARK [2][-]{subsection.50.2}{\376\377\000W\000y\000l\000e\000\040\000d\000o\000u\000b\000l\000e\000\040\000c\000o\000p\000y}{section.50}% 131
\BOOKMARK [1][-]{section.51}{\376\377\000C\000e\000l\000e\000s\000t\000i\000a\000l\000\040\000A\000m\000p\000l\000i\000t\000u\000d\000e\000s}{part.8}% 132
\BOOKMARK [2][-]{subsection.51.1}{\376\377\000A\000m\000p\000l\000i\000t\000u\000d\000e\000s\000\040\000a\000s\000\040\000C\000o\000r\000r\000e\000l\000a\000t\000o\000r\000s}{section.51}% 133
\BOOKMARK [3][-]{subsubsection.51.1.1}{\376\377\000P\000o\000i\000n\000c\000a\000r\000\351\000e\003\001\000\040\000S\000y\000m\000m\000e\000t\000r\000y}{subsection.51.1}% 134
\BOOKMARK [3][-]{subsubsection.51.1.2}{\376\377\000P\000o\000i\000n\000c\000a\000r\000\351\000e\003\001\000\040\000C\000o\000n\000s\000t\000r\000a\000i\000n\000t\000s}{subsection.51.1}% 135
\BOOKMARK [2][-]{subsection.51.2}{\376\377\000W\000a\000r\000d\000\040\000I\000d\000e\000n\000t\000i\000t\000y\000\040\000a\000s\000\040\000K\000a\001\015\000c\003\014\000-\000M\000o\000o\000d\000y\000\040\000S\000y\000m\000m\000e\000t\000r\000y}{section.51}% 136
\BOOKMARK [0][-]{part.9}{\376\377\173\054\116\135\220\350\122\006\000\040\000C\000F\000T\0002\000\040\000o\000n\000\040\000T\000o\000r\000u\000s}{}% 137
\BOOKMARK [0][-]{part.9}{\376\377\000A\000p\000p\000e\000n\000d\000i\000x\000\040\000A\000:\000\040\000S\000u\000r\000f\000a\000c\000e\000\040\000C\000h\000a\000r\000g\000e}{}% 138
\BOOKMARK [0][-]{equation.51.37}{\376\377\123\302\200\003\145\207\163\056}{}% 139
